SF:D:\github\rs\ginger-rs\src\aberth.rs
FN:77,_RNCNvNtCsiV83YB4ES8C_6ginger6aberth10aberth_job0B5_
FN:17,_RNCNvNtCsiV83YB4ES8C_6ginger6aberth14initial_aberth0B5_
FN:314,_RNCNvNtCsiV83YB4ES8C_6ginger6aberth15aberth_autocorr0B5_
FN:282,_RNCNvNtCsiV83YB4ES8C_6ginger6aberth19aberth_autocorr_job0B5_
FN:249,_RNCNvNtCsiV83YB4ES8C_6ginger6aberth23initial_aberth_autocorr0B5_
FN:134,_RNCNvNtCsiV83YB4ES8C_6ginger6aberth6aberth0B5_
FN:202,_RNCNvNtCsiV83YB4ES8C_6ginger6aberth9aberth_mt0B5_
FN:214,_RNCNvNtCsiV83YB4ES8C_6ginger6aberth9aberth_mts1_0B5_
FN:213,_RNCNvNtCsiV83YB4ES8C_6ginger6aberth9aberth_mts_0B5_
FN:191,_RNCNvNvNtCsiV83YB4ES8C_6ginger6aberth9aberth_mt11aberth_job20B7_
FN:353,_RNvNtNtCsiV83YB4ES8C_6ginger6aberth5testss_11test_aberth
FN:362,_RNvNtNtCsiV83YB4ES8C_6ginger6aberth5testss_14test_aberth_mt
FN:340,_RNvNtNtCsiV83YB4ES8C_6ginger6aberth5testss_16test_horner_eval
FN:371,_RNvNtNtCsiV83YB4ES8C_6ginger6aberth5testss_20test_aberth_autocorr
FN:67,_RNvNtCsiV83YB4ES8C_6ginger6aberth10aberth_job
FN:10,_RNvNtCsiV83YB4ES8C_6ginger6aberth14initial_aberth
FN:304,_RNvNtCsiV83YB4ES8C_6ginger6aberth15aberth_autocorr
FN:272,_RNvNtCsiV83YB4ES8C_6ginger6aberth19aberth_autocorr_job
FN:239,_RNvNtCsiV83YB4ES8C_6ginger6aberth23initial_aberth_autocorr
FN:128,_RNvNtCsiV83YB4ES8C_6ginger6aberth6aberth
FN:180,_RNvNtCsiV83YB4ES8C_6ginger6aberth9aberth_mt
FN:181,_RNvNvNtCsiV83YB4ES8C_6ginger6aberth9aberth_mt11aberth_job2
FN:60,_RNCNvNtCsiV83YB4ES8C_6ginger6aberth19initial_aberth_orig0B5_
FN:53,_RNvNtCsiV83YB4ES8C_6ginger6aberth19initial_aberth_orig
FNDA:768,_RNCNvNtCsiV83YB4ES8C_6ginger6aberth10aberth_job0B5_
FNDA:32,_RNCNvNtCsiV83YB4ES8C_6ginger6aberth14initial_aberth0B5_
FNDA:8,_RNCNvNtCsiV83YB4ES8C_6ginger6aberth15aberth_autocorr0B5_
FNDA:128,_RNCNvNtCsiV83YB4ES8C_6ginger6aberth19aberth_autocorr_job0B5_
FNDA:4,_RNCNvNtCsiV83YB4ES8C_6ginger6aberth23initial_aberth_autocorr0B5_
FNDA:16,_RNCNvNtCsiV83YB4ES8C_6ginger6aberth6aberth0B5_
FNDA:16,_RNCNvNtCsiV83YB4ES8C_6ginger6aberth9aberth_mt0B5_
FNDA:210,_RNCNvNtCsiV83YB4ES8C_6ginger6aberth9aberth_mts1_0B5_
FNDA:112,_RNCNvNtCsiV83YB4ES8C_6ginger6aberth9aberth_mts_0B5_
FNDA:896,_RNCNvNvNtCsiV83YB4ES8C_6ginger6aberth9aberth_mt11aberth_job20B7_
FNDA:1,_RNvNtNtCsiV83YB4ES8C_6ginger6aberth5testss_11test_aberth
FNDA:1,_RNvNtNtCsiV83YB4ES8C_6ginger6aberth5testss_14test_aberth_mt
FNDA:1,_RNvNtNtCsiV83YB4ES8C_6ginger6aberth5testss_16test_horner_eval
FNDA:1,_RNvNtNtCsiV83YB4ES8C_6ginger6aberth5testss_20test_aberth_autocorr
FNDA:96,_RNvNtCsiV83YB4ES8C_6ginger6aberth10aberth_job
FNDA:4,_RNvNtCsiV83YB4ES8C_6ginger6aberth14initial_aberth
FNDA:1,_RNvNtCsiV83YB4ES8C_6ginger6aberth15aberth_autocorr
FNDA:32,_RNvNtCsiV83YB4ES8C_6ginger6aberth19aberth_autocorr_job
FNDA:1,_RNvNtCsiV83YB4ES8C_6ginger6aberth23initial_aberth_autocorr
FNDA:2,_RNvNtCsiV83YB4ES8C_6ginger6aberth6aberth
FNDA:2,_RNvNtCsiV83YB4ES8C_6ginger6aberth9aberth_mt
FNDA:112,_RNvNvNtCsiV83YB4ES8C_6ginger6aberth9aberth_mt11aberth_job2
FNDA:0,_RNCNvNtCsiV83YB4ES8C_6ginger6aberth19initial_aberth_orig0B5_
FNDA:0,_RNvNtCsiV83YB4ES8C_6ginger6aberth19initial_aberth_orig
FNF:24
FNH:22
DA:10,4
DA:11,4
DA:12,4
DA:13,4
DA:14,4
DA:15,4
DA:16,4
DA:17,32
DA:18,32
DA:19,32
DA:20,32
DA:21,4
DA:22,4
DA:53,0
DA:54,0
DA:55,0
DA:56,0
DA:57,0
DA:58,0
DA:59,0
DA:60,0
DA:61,0
DA:62,0
DA:63,0
DA:64,0
DA:65,0
DA:67,96
DA:68,96
DA:69,96
DA:70,96
DA:71,96
DA:72,96
DA:73,96
DA:74,96
DA:75,96
DA:76,96
DA:77,768
DA:78,672
DA:79,672
DA:80,96
DA:81,96
DA:82,96
DA:128,2
DA:129,2
DA:130,2
DA:131,2
DA:132,2
DA:133,2
DA:134,16
DA:135,2
DA:137,12
DA:138,12
DA:140,96
DA:141,96
DA:142,96
DA:143,96
DA:144,34
DA:145,62
DA:146,96
DA:148,12
DA:149,2
DA:150,10
DA:152,0
DA:153,2
DA:180,2
DA:181,112
DA:182,112
DA:183,112
DA:184,112
DA:185,112
DA:186,112
DA:187,112
DA:188,112
DA:189,112
DA:190,112
DA:191,896
DA:192,784
DA:193,784
DA:194,112
DA:195,112
DA:196,112
DA:199,2
DA:200,2
DA:201,2
DA:202,16
DA:203,2
DA:204,2
DA:206,14
DA:207,14
DA:208,14
DA:210,14
DA:211,14
DA:212,14
DA:213,112
DA:214,210
DA:215,14
DA:216,14
DA:217,14
DA:218,14
DA:219,2
DA:220,12
DA:222,0
DA:223,2
DA:239,1
DA:240,1
DA:241,1
DA:242,1
DA:243,1
DA:244,1
DA:245,1
DA:246,1
DA:247,1
DA:248,1
DA:249,4
DA:250,4
DA:251,4
DA:252,4
DA:253,1
DA:254,1
DA:272,32
DA:273,32
DA:274,32
DA:275,32
DA:276,32
DA:277,32
DA:278,32
DA:279,32
DA:280,32
DA:281,32
DA:282,128
DA:283,96
DA:284,96
DA:285,96
DA:286,32
DA:287,32
DA:288,32
DA:304,1
DA:305,1
DA:306,1
DA:307,1
DA:308,1
DA:309,1
DA:310,1
DA:311,1
DA:312,1
DA:313,1
DA:314,8
DA:315,1
DA:317,8
DA:318,8
DA:320,32
DA:321,32
DA:322,32
DA:323,32
DA:324,15
DA:325,17
DA:326,32
DA:328,8
DA:329,1
DA:330,7
DA:332,0
DA:333,1
DA:340,1
DA:341,1
DA:342,1
DA:343,1
DA:344,1
DA:345,1
DA:346,1
DA:347,1
DA:348,1
DA:349,1
DA:350,1
DA:353,1
DA:354,1
DA:355,1
DA:356,1
DA:357,1
DA:358,1
DA:359,1
DA:362,1
DA:363,1
DA:364,1
DA:365,1
DA:366,1
DA:367,1
DA:368,1
DA:371,1
DA:372,1
DA:373,1
DA:374,1
DA:375,1
DA:376,1
DA:377,1
BRF:0
BRH:0
LF:205
LH:188
end_of_record
SF:D:\github\rs\ginger-rs\src\horner.rs
FN:75,_RNvNtNtCsiV83YB4ES8C_6ginger6horner5testss_16test_horner_eval
FN:64,_RNCNvNtCsiV83YB4ES8C_6ginger6horner13horner_eval_c0B5_
FN:30,_RNCNvNtCsiV83YB4ES8C_6ginger6horner13horner_eval_f0B5_
FN:61,_RNvNtCsiV83YB4ES8C_6ginger6horner13horner_eval_c
FN:29,_RNvNtCsiV83YB4ES8C_6ginger6horner13horner_eval_f
FNDA:1,_RNvNtNtCsiV83YB4ES8C_6ginger6horner5testss_16test_horner_eval
FNDA:4107,_RNCNvNtCsiV83YB4ES8C_6ginger6horner13horner_eval_c0B5_
FNDA:99,_RNCNvNtCsiV83YB4ES8C_6ginger6horner13horner_eval_f0B5_
FNDA:483,_RNvNtCsiV83YB4ES8C_6ginger6horner13horner_eval_c
FNDA:11,_RNvNtCsiV83YB4ES8C_6ginger6horner13horner_eval_f
FNF:5
FNH:5
DA:29,11
DA:30,99
DA:31,11
DA:61,483
DA:62,483
DA:63,483
DA:64,4107
DA:65,4107
DA:66,4107
DA:67,483
DA:75,1
DA:76,1
DA:77,1
DA:78,1
DA:80,1
DA:81,1
DA:82,1
DA:83,1
BRF:0
BRH:0
LF:20
LH:20
end_of_record
SF:D:\github\rs\ginger-rs\src\leja_order.rs
FN:54,_RNCNvNtCsiV83YB4ES8C_6ginger10leja_order10leja_order0B5_
FN:46,_RNCNvNtCsiV83YB4ES8C_6ginger10leja_order10leja_orders1_0B5_
FN:59,_RNCNvNtCsiV83YB4ES8C_6ginger10leja_order10leja_orders_0B5_
FN:75,_RNvNtNtCsiV83YB4ES8C_6ginger10leja_order5testss_8it_works
FN:35,_RNvNtCsiV83YB4ES8C_6ginger10leja_order10leja_order
FNDA:10,_RNCNvNtCsiV83YB4ES8C_6ginger10leja_order10leja_order0B5_
FNDA:4,_RNCNvNtCsiV83YB4ES8C_6ginger10leja_order10leja_orders1_0B5_
FNDA:6,_RNCNvNtCsiV83YB4ES8C_6ginger10leja_order10leja_orders_0B5_
FNDA:1,_RNvNtNtCsiV83YB4ES8C_6ginger10leja_order5testss_8it_works
FNDA:1,_RNvNtCsiV83YB4ES8C_6ginger10leja_order10leja_order
FNF:5
FNH:5
DA:35,1
DA:37,1
DA:38,0
DA:39,1
DA:42,1
DA:43,1
DA:44,1
DA:45,1
DA:46,4
DA:47,1
DA:48,1
DA:51,5
DA:53,4
DA:54,10
DA:57,4
DA:58,4
DA:59,6
DA:60,4
DA:61,4
DA:64,4
DA:67,1
DA:68,1
DA:75,1
DA:76,1
DA:77,1
DA:78,1
DA:79,1
DA:80,1
DA:81,1
DA:83,1
DA:84,1
DA:85,1
DA:86,1
BRF:0
BRH:0
LF:36
LH:35
end_of_record
SF:D:\github\rs\ginger-rs\src\lib.rs
FN:54,_RNvNtCsiV83YB4ES8C_6ginger5testss_8it_works
FNDA:1,_RNvNtCsiV83YB4ES8C_6ginger5testss_8it_works
FNF:1
FNH:1
DA:54,1
DA:55,1
DA:56,1
DA:57,1
DA:58,1
DA:59,1
DA:61,1
DA:62,1
DA:63,1
DA:65,1
DA:66,1
DA:67,1
DA:68,1
DA:69,1
DA:70,1
DA:71,1
DA:72,1
DA:73,1
DA:75,1
DA:76,1
DA:78,1
DA:79,1
DA:81,1
DA:82,1
DA:84,1
DA:85,1
DA:86,1
DA:87,1
DA:88,1
DA:90,1
DA:92,1
DA:93,1
DA:94,1
DA:96,1
DA:97,1
DA:98,1
DA:100,1
DA:101,1
DA:102,1
DA:104,1
DA:105,1
DA:106,1
DA:108,1
DA:109,1
DA:110,1
DA:111,1
DA:112,1
DA:114,1
DA:115,1
DA:116,1
DA:118,1
DA:119,1
DA:120,1
DA:121,1
BRF:0
BRH:0
LF:54
LH:54
end_of_record
SF:D:\github\rs\ginger-rs\src\main.rs
FN:4,_RNvCshzjS8AgUAGN_9ginger_rs4main
FNDA:0,_RNvCshzjS8AgUAGN_9ginger_rs4main
FNF:1
FNH:0
DA:4,0
DA:5,0
DA:6,0
DA:7,0
DA:9,0
DA:10,0
DA:11,0
DA:12,0
DA:13,0
DA:14,0
DA:15,0
DA:16,0
DA:17,0
BRF:0
BRH:0
LF:13
LH:0
end_of_record
SF:D:\github\rs\ginger-rs\src\matrix2.rs
FN:749,_RNvNtNtCsiV83YB4ES8C_6ginger7matrix24tests_10test_debug
FN:566,_RNvNtNtCsiV83YB4ES8C_6ginger7matrix24tests_10test_scale
FN:500,_RNvNtNtCsiV83YB4ES8C_6ginger7matrix24tests_11test_consts
FN:581,_RNvNtNtCsiV83YB4ES8C_6ginger7matrix24tests_12test_unscale
FN:677,_RNvNtNtCsiV83YB4ES8C_6ginger7matrix24tests_15test_add_assign
FN:713,_RNvNtNtCsiV83YB4ES8C_6ginger7matrix24tests_15test_div_assign
FN:701,_RNvNtNtCsiV83YB4ES8C_6ginger7matrix24tests_15test_mul_assign
FN:653,_RNvNtNtCsiV83YB4ES8C_6ginger7matrix24tests_15test_scalar_div
FN:632,_RNvNtNtCsiV83YB4ES8C_6ginger7matrix24tests_15test_scalar_mul
FN:659,_RNvNtNtCsiV83YB4ES8C_6ginger7matrix24tests_15test_scalar_rem
FN:689,_RNvNtNtCsiV83YB4ES8C_6ginger7matrix24tests_15test_sub_assign
FN:739,_RNvNtNtCsiV83YB4ES8C_6ginger7matrix24tests_17test_clone_and_eq
FN:515,_RNvNtNtCsiV83YB4ES8C_6ginger7matrix24tests_18test_scale_unscale
FN:788,_RNvNtNtCsiV83YB4ES8C_6ginger7matrix24tests_20test_scalar_left_mul
FN:725,_RNvNtNtCsiV83YB4ES8C_6ginger7matrix24tests_21test_float_operations
FN:766,_RNvNtNtCsiV83YB4ES8C_6ginger7matrix24tests_25test_forward_val_xf_binop
FN:758,_RNvNtNtCsiV83YB4ES8C_6ginger7matrix24tests_25test_forward_xf_val_binop
FN:795,_RNvNtNtCsiV83YB4ES8C_6ginger7matrix24tests_29test_scalar_mul_by_ref_matrix
FN:774,_RNvNtNtCsiV83YB4ES8C_6ginger7matrix24tests_30test_scalar_arithmetic_forward
FN:596,_RNvNtNtCsiV83YB4ES8C_6ginger7matrix24tests_8test_add
FN:546,_RNvNtNtCsiV83YB4ES8C_6ginger7matrix24tests_8test_det
FN:625,_RNvNtNtCsiV83YB4ES8C_6ginger7matrix24tests_8test_neg
FN:537,_RNvNtNtCsiV83YB4ES8C_6ginger7matrix24tests_8test_new
FN:612,_RNvNtNtCsiV83YB4ES8C_6ginger7matrix24tests_8test_sub
FN:555,_RNvNtNtCsiV83YB4ES8C_6ginger7matrix24tests_9test_mdot
FN:665,_RNvNtNtCsiV83YB4ES8C_6ginger7matrix24tests_9test_zero
FN:52,_RNvMNtCsiV83YB4ES8C_6ginger7matrix2INtB2_7Matrix2dE3newB4_
FN:52,_RNvMNtCsiV83YB4ES8C_6ginger7matrix2INtB2_7Matrix2lE3newB4_
FN:78,_RNvMs_NtCsiV83YB4ES8C_6ginger7matrix2INtB4_7Matrix2dE3detB6_
FN:108,_RNvMs_NtCsiV83YB4ES8C_6ginger7matrix2INtB4_7Matrix2dE4mdotB6_
FN:134,_RNvMs_NtCsiV83YB4ES8C_6ginger7matrix2INtB4_7Matrix2dE5scaleB6_
FN:162,_RNvMs_NtCsiV83YB4ES8C_6ginger7matrix2INtB4_7Matrix2dE7unscaleB6_
FN:78,_RNvMs_NtCsiV83YB4ES8C_6ginger7matrix2INtB4_7Matrix2lE3detB6_
FN:108,_RNvMs_NtCsiV83YB4ES8C_6ginger7matrix2INtB4_7Matrix2lE4mdotB6_
FN:134,_RNvMs_NtCsiV83YB4ES8C_6ginger7matrix2INtB4_7Matrix2lE5scaleB6_
FN:162,_RNvMs_NtCsiV83YB4ES8C_6ginger7matrix2INtB4_7Matrix2lE7unscaleB6_
FN:249,_RNvXNtNtCsiV83YB4ES8C_6ginger7matrix28opassignINtB4_7Matrix2lENtNtNtCs4TwWhthMkYr_4core3ops5arith9AddAssign10add_assignB6_
FN:222,_RNvXs0_NtCsiV83YB4ES8C_6ginger7matrix2INtB5_7Matrix2lENtNtNtCs4TwWhthMkYr_4core3ops5arith3Add3addB7_
FN:263,_RNvXs0_NtNtCsiV83YB4ES8C_6ginger7matrix28opassignINtB7_7Matrix2lEINtNtNtCs4TwWhthMkYr_4core3ops5arith9MulAssignlE10mul_assignB9_
FN:234,_RNvXs1_NtCsiV83YB4ES8C_6ginger7matrix2INtB5_7Matrix2lENtNtNtCs4TwWhthMkYr_4core3ops5arith3Sub3subB7_
FN:270,_RNvXs1_NtNtCsiV83YB4ES8C_6ginger7matrix28opassignINtB7_7Matrix2lEINtNtNtCs4TwWhthMkYr_4core3ops5arith9DivAssignlE10div_assignB9_
FN:308,_RNvXs2_NtCsiV83YB4ES8C_6ginger7matrix2INtB5_7Matrix2lENtNtNtCs4TwWhthMkYr_4core3ops5arith3Neg3negB7_
FN:280,_RNvXs2_NtNtCsiV83YB4ES8C_6ginger7matrix28opassignINtB7_7Matrix2lEINtNtNtCs4TwWhthMkYr_4core3ops5arith9AddAssignRBL_E10add_assignB9_
FN:317,_RNvXs3_NtCsiV83YB4ES8C_6ginger7matrix2RINtB5_7Matrix2lENtNtNtCs4TwWhthMkYr_4core3ops5arith3Neg3negB7_
FN:280,_RNvXs3_NtNtCsiV83YB4ES8C_6ginger7matrix28opassignINtB7_7Matrix2lEINtNtNtCs4TwWhthMkYr_4core3ops5arith9SubAssignRBL_E10sub_assignB9_
FN:398,_RNvXs4_NtCsiV83YB4ES8C_6ginger7matrix2INtB5_7Matrix2lEINtNtNtCs4TwWhthMkYr_4core3ops5arith3MullE3mulB7_
FN:291,_RNvXs4_NtNtCsiV83YB4ES8C_6ginger7matrix28opassignINtB7_7Matrix2lEINtNtNtCs4TwWhthMkYr_4core3ops5arith9MulAssignRlE10mul_assignB9_
FN:407,_RNvXs5_NtCsiV83YB4ES8C_6ginger7matrix2INtB5_7Matrix2dEINtNtNtCs4TwWhthMkYr_4core3ops5arith3DivdE3divB7_
FN:407,_RNvXs5_NtCsiV83YB4ES8C_6ginger7matrix2INtB5_7Matrix2lEINtNtNtCs4TwWhthMkYr_4core3ops5arith3DivlE3divB7_
FN:291,_RNvXs5_NtNtCsiV83YB4ES8C_6ginger7matrix28opassignINtB7_7Matrix2lEINtNtNtCs4TwWhthMkYr_4core3ops5arith9DivAssignRlE10div_assignB9_
FN:416,_RNvXs6_NtCsiV83YB4ES8C_6ginger7matrix2INtB5_7Matrix2lEINtNtNtCs4TwWhthMkYr_4core3ops5arith3RemlE3remB7_
FN:426,_RNvXs7_NtCsiV83YB4ES8C_6ginger7matrix2INtB5_7Matrix2dENtNtCs8en5C4xUivq_10num_traits10identities4Zero4zeroB7_
FN:426,_RNvXs7_NtCsiV83YB4ES8C_6ginger7matrix2INtB5_7Matrix2lENtNtCs8en5C4xUivq_10num_traits10identities4Zero4zeroB7_
FN:431,_RNvXs7_NtCsiV83YB4ES8C_6ginger7matrix2INtB5_7Matrix2lENtNtCs8en5C4xUivq_10num_traits10identities4Zero7is_zeroB7_
FN:436,_RNvXs7_NtCsiV83YB4ES8C_6ginger7matrix2INtB5_7Matrix2lENtNtCs8en5C4xUivq_10num_traits10identities4Zero8set_zeroB7_
FN:328,_RNvXsA_NtCsiV83YB4ES8C_6ginger7matrix2INtB5_7Matrix2lEINtNtNtCs4TwWhthMkYr_4core3ops5arith3MulRlE3mulB7_
FN:336,_RNvXsB_NtCsiV83YB4ES8C_6ginger7matrix2RINtB5_7Matrix2lEINtNtNtCs4TwWhthMkYr_4core3ops5arith3MullE3mulB7_
FN:256,_RNvXs_NtNtCsiV83YB4ES8C_6ginger7matrix28opassignINtB6_7Matrix2lENtNtNtCs4TwWhthMkYr_4core3ops5arith9SubAssign10sub_assignB8_
FN:186,_RNvXsh_NtCsiV83YB4ES8C_6ginger7matrix2RINtB5_7Matrix2lEINtNtNtCs4TwWhthMkYr_4core3ops5arith3AddBB_E3addB7_
FN:199,_RNvXsi_NtCsiV83YB4ES8C_6ginger7matrix2INtB5_7Matrix2lEINtNtNtCs4TwWhthMkYr_4core3ops5arith3AddRBA_E3addB7_
FN:353,_RNvXs14_NtCsiV83YB4ES8C_6ginger7matrix2lINtNtNtCs4TwWhthMkYr_4core3ops5arith3MulRINtB6_7Matrix2lEE3mulB8_
FN:385,_RNvXsv_NtCsiV83YB4ES8C_6ginger7matrix2lINtNtNtCs4TwWhthMkYr_4core3ops5arith3MulINtB5_7Matrix2lEE3mulB7_
FN:344,_RNvXININtCsiV83YB4ES8C_6ginger7matrix2sC_0pERINtB5_7Matrix2pEINtNtNtCs4TwWhthMkYr_4core3ops5arith3MulRpE3mulB7_
FN:173,_RNvXININtCsiV83YB4ES8C_6ginger7matrix2sg_0pERINtB5_7Matrix2pENtNtNtCs4TwWhthMkYr_4core3ops5arith3Add3addB7_
FN:173,_RNvXININtCsiV83YB4ES8C_6ginger7matrix2sj_0pERINtB5_7Matrix2pENtNtNtCs4TwWhthMkYr_4core3ops5arith3Sub3subB7_
FN:186,_RNvXININtCsiV83YB4ES8C_6ginger7matrix2sk_0pERINtB5_7Matrix2pEINtNtNtCs4TwWhthMkYr_4core3ops5arith3SubBH_E3subB7_
FN:199,_RNvXININtCsiV83YB4ES8C_6ginger7matrix2sl_0pEINtB5_7Matrix2pEINtNtNtCs4TwWhthMkYr_4core3ops5arith3SubRBG_E3subB7_
FN:369,_RNvXs10_NtCsiV83YB4ES8C_6ginger7matrix2RaINtNtNtCs4TwWhthMkYr_4core3ops5arith3MulRINtB6_7Matrix2aEE3mulB8_
FN:353,_RNvXs11_NtCsiV83YB4ES8C_6ginger7matrix2sINtNtNtCs4TwWhthMkYr_4core3ops5arith3MulRINtB6_7Matrix2sEE3mulB8_
FN:361,_RNvXs12_NtCsiV83YB4ES8C_6ginger7matrix2RsINtNtNtCs4TwWhthMkYr_4core3ops5arith3MulINtB6_7Matrix2sEE3mulB8_
FN:369,_RNvXs13_NtCsiV83YB4ES8C_6ginger7matrix2RsINtNtNtCs4TwWhthMkYr_4core3ops5arith3MulRINtB6_7Matrix2sEE3mulB8_
FN:361,_RNvXs15_NtCsiV83YB4ES8C_6ginger7matrix2RlINtNtNtCs4TwWhthMkYr_4core3ops5arith3MulINtB6_7Matrix2lEE3mulB8_
FN:369,_RNvXs16_NtCsiV83YB4ES8C_6ginger7matrix2RlINtNtNtCs4TwWhthMkYr_4core3ops5arith3MulRINtB6_7Matrix2lEE3mulB8_
FN:353,_RNvXs17_NtCsiV83YB4ES8C_6ginger7matrix2xINtNtNtCs4TwWhthMkYr_4core3ops5arith3MulRINtB6_7Matrix2xEE3mulB8_
FN:361,_RNvXs18_NtCsiV83YB4ES8C_6ginger7matrix2RxINtNtNtCs4TwWhthMkYr_4core3ops5arith3MulINtB6_7Matrix2xEE3mulB8_
FN:369,_RNvXs19_NtCsiV83YB4ES8C_6ginger7matrix2RxINtNtNtCs4TwWhthMkYr_4core3ops5arith3MulRINtB6_7Matrix2xEE3mulB8_
FN:353,_RNvXs1a_NtCsiV83YB4ES8C_6ginger7matrix2nINtNtNtCs4TwWhthMkYr_4core3ops5arith3MulRINtB6_7Matrix2nEE3mulB8_
FN:361,_RNvXs1b_NtCsiV83YB4ES8C_6ginger7matrix2RnINtNtNtCs4TwWhthMkYr_4core3ops5arith3MulINtB6_7Matrix2nEE3mulB8_
FN:369,_RNvXs1c_NtCsiV83YB4ES8C_6ginger7matrix2RnINtNtNtCs4TwWhthMkYr_4core3ops5arith3MulRINtB6_7Matrix2nEE3mulB8_
FN:353,_RNvXs1d_NtCsiV83YB4ES8C_6ginger7matrix2fINtNtNtCs4TwWhthMkYr_4core3ops5arith3MulRINtB6_7Matrix2fEE3mulB8_
FN:361,_RNvXs1e_NtCsiV83YB4ES8C_6ginger7matrix2RfINtNtNtCs4TwWhthMkYr_4core3ops5arith3MulINtB6_7Matrix2fEE3mulB8_
FN:369,_RNvXs1f_NtCsiV83YB4ES8C_6ginger7matrix2RfINtNtNtCs4TwWhthMkYr_4core3ops5arith3MulRINtB6_7Matrix2fEE3mulB8_
FN:353,_RNvXs1g_NtCsiV83YB4ES8C_6ginger7matrix2dINtNtNtCs4TwWhthMkYr_4core3ops5arith3MulRINtB6_7Matrix2dEE3mulB8_
FN:361,_RNvXs1h_NtCsiV83YB4ES8C_6ginger7matrix2RdINtNtNtCs4TwWhthMkYr_4core3ops5arith3MulINtB6_7Matrix2dEE3mulB8_
FN:369,_RNvXs1i_NtCsiV83YB4ES8C_6ginger7matrix2RdINtNtNtCs4TwWhthMkYr_4core3ops5arith3MulRINtB6_7Matrix2dEE3mulB8_
FN:353,_RNvXsD_NtCsiV83YB4ES8C_6ginger7matrix2jINtNtNtCs4TwWhthMkYr_4core3ops5arith3MulRINtB5_7Matrix2jEE3mulB7_
FN:361,_RNvXsE_NtCsiV83YB4ES8C_6ginger7matrix2RjINtNtNtCs4TwWhthMkYr_4core3ops5arith3MulINtB5_7Matrix2jEE3mulB7_
FN:369,_RNvXsF_NtCsiV83YB4ES8C_6ginger7matrix2RjINtNtNtCs4TwWhthMkYr_4core3ops5arith3MulRINtB5_7Matrix2jEE3mulB7_
FN:353,_RNvXsG_NtCsiV83YB4ES8C_6ginger7matrix2hINtNtNtCs4TwWhthMkYr_4core3ops5arith3MulRINtB5_7Matrix2hEE3mulB7_
FN:361,_RNvXsH_NtCsiV83YB4ES8C_6ginger7matrix2RhINtNtNtCs4TwWhthMkYr_4core3ops5arith3MulINtB5_7Matrix2hEE3mulB7_
FN:369,_RNvXsI_NtCsiV83YB4ES8C_6ginger7matrix2RhINtNtNtCs4TwWhthMkYr_4core3ops5arith3MulRINtB5_7Matrix2hEE3mulB7_
FN:353,_RNvXsJ_NtCsiV83YB4ES8C_6ginger7matrix2tINtNtNtCs4TwWhthMkYr_4core3ops5arith3MulRINtB5_7Matrix2tEE3mulB7_
FN:361,_RNvXsK_NtCsiV83YB4ES8C_6ginger7matrix2RtINtNtNtCs4TwWhthMkYr_4core3ops5arith3MulINtB5_7Matrix2tEE3mulB7_
FN:369,_RNvXsL_NtCsiV83YB4ES8C_6ginger7matrix2RtINtNtNtCs4TwWhthMkYr_4core3ops5arith3MulRINtB5_7Matrix2tEE3mulB7_
FN:353,_RNvXsM_NtCsiV83YB4ES8C_6ginger7matrix2mINtNtNtCs4TwWhthMkYr_4core3ops5arith3MulRINtB5_7Matrix2mEE3mulB7_
FN:361,_RNvXsN_NtCsiV83YB4ES8C_6ginger7matrix2RmINtNtNtCs4TwWhthMkYr_4core3ops5arith3MulINtB5_7Matrix2mEE3mulB7_
FN:369,_RNvXsO_NtCsiV83YB4ES8C_6ginger7matrix2RmINtNtNtCs4TwWhthMkYr_4core3ops5arith3MulRINtB5_7Matrix2mEE3mulB7_
FN:353,_RNvXsP_NtCsiV83YB4ES8C_6ginger7matrix2yINtNtNtCs4TwWhthMkYr_4core3ops5arith3MulRINtB5_7Matrix2yEE3mulB7_
FN:361,_RNvXsQ_NtCsiV83YB4ES8C_6ginger7matrix2RyINtNtNtCs4TwWhthMkYr_4core3ops5arith3MulINtB5_7Matrix2yEE3mulB7_
FN:369,_RNvXsR_NtCsiV83YB4ES8C_6ginger7matrix2RyINtNtNtCs4TwWhthMkYr_4core3ops5arith3MulRINtB5_7Matrix2yEE3mulB7_
FN:353,_RNvXsS_NtCsiV83YB4ES8C_6ginger7matrix2oINtNtNtCs4TwWhthMkYr_4core3ops5arith3MulRINtB5_7Matrix2oEE3mulB7_
FN:361,_RNvXsT_NtCsiV83YB4ES8C_6ginger7matrix2RoINtNtNtCs4TwWhthMkYr_4core3ops5arith3MulINtB5_7Matrix2oEE3mulB7_
FN:369,_RNvXsU_NtCsiV83YB4ES8C_6ginger7matrix2RoINtNtNtCs4TwWhthMkYr_4core3ops5arith3MulRINtB5_7Matrix2oEE3mulB7_
FN:353,_RNvXsV_NtCsiV83YB4ES8C_6ginger7matrix2iINtNtNtCs4TwWhthMkYr_4core3ops5arith3MulRINtB5_7Matrix2iEE3mulB7_
FN:361,_RNvXsW_NtCsiV83YB4ES8C_6ginger7matrix2RiINtNtNtCs4TwWhthMkYr_4core3ops5arith3MulINtB5_7Matrix2iEE3mulB7_
FN:369,_RNvXsX_NtCsiV83YB4ES8C_6ginger7matrix2RiINtNtNtCs4TwWhthMkYr_4core3ops5arith3MulRINtB5_7Matrix2iEE3mulB7_
FN:353,_RNvXsY_NtCsiV83YB4ES8C_6ginger7matrix2aINtNtNtCs4TwWhthMkYr_4core3ops5arith3MulRINtB5_7Matrix2aEE3mulB7_
FN:361,_RNvXsZ_NtCsiV83YB4ES8C_6ginger7matrix2RaINtNtNtCs4TwWhthMkYr_4core3ops5arith3MulINtB5_7Matrix2aEE3mulB7_
FN:385,_RNvXsm_NtCsiV83YB4ES8C_6ginger7matrix2jINtNtNtCs4TwWhthMkYr_4core3ops5arith3MulINtB5_7Matrix2jEE3mulB7_
FN:385,_RNvXsn_NtCsiV83YB4ES8C_6ginger7matrix2hINtNtNtCs4TwWhthMkYr_4core3ops5arith3MulINtB5_7Matrix2hEE3mulB7_
FN:385,_RNvXso_NtCsiV83YB4ES8C_6ginger7matrix2tINtNtNtCs4TwWhthMkYr_4core3ops5arith3MulINtB5_7Matrix2tEE3mulB7_
FN:385,_RNvXsp_NtCsiV83YB4ES8C_6ginger7matrix2mINtNtNtCs4TwWhthMkYr_4core3ops5arith3MulINtB5_7Matrix2mEE3mulB7_
FN:385,_RNvXsq_NtCsiV83YB4ES8C_6ginger7matrix2yINtNtNtCs4TwWhthMkYr_4core3ops5arith3MulINtB5_7Matrix2yEE3mulB7_
FN:385,_RNvXsr_NtCsiV83YB4ES8C_6ginger7matrix2oINtNtNtCs4TwWhthMkYr_4core3ops5arith3MulINtB5_7Matrix2oEE3mulB7_
FN:385,_RNvXss_NtCsiV83YB4ES8C_6ginger7matrix2iINtNtNtCs4TwWhthMkYr_4core3ops5arith3MulINtB5_7Matrix2iEE3mulB7_
FN:385,_RNvXst_NtCsiV83YB4ES8C_6ginger7matrix2aINtNtNtCs4TwWhthMkYr_4core3ops5arith3MulINtB5_7Matrix2aEE3mulB7_
FN:385,_RNvXsu_NtCsiV83YB4ES8C_6ginger7matrix2sINtNtNtCs4TwWhthMkYr_4core3ops5arith3MulINtB5_7Matrix2sEE3mulB7_
FN:385,_RNvXsw_NtCsiV83YB4ES8C_6ginger7matrix2xINtNtNtCs4TwWhthMkYr_4core3ops5arith3MulINtB5_7Matrix2xEE3mulB7_
FN:385,_RNvXsx_NtCsiV83YB4ES8C_6ginger7matrix2nINtNtNtCs4TwWhthMkYr_4core3ops5arith3MulINtB5_7Matrix2nEE3mulB7_
FN:385,_RNvXsy_NtCsiV83YB4ES8C_6ginger7matrix2fINtNtNtCs4TwWhthMkYr_4core3ops5arith3MulINtB5_7Matrix2fEE3mulB7_
FN:385,_RNvXsz_NtCsiV83YB4ES8C_6ginger7matrix2dINtNtNtCs4TwWhthMkYr_4core3ops5arith3MulINtB5_7Matrix2dEE3mulB7_
FNDA:1,_RNvNtNtCsiV83YB4ES8C_6ginger7matrix24tests_10test_debug
FNDA:1,_RNvNtNtCsiV83YB4ES8C_6ginger7matrix24tests_10test_scale
FNDA:1,_RNvNtNtCsiV83YB4ES8C_6ginger7matrix24tests_11test_consts
FNDA:1,_RNvNtNtCsiV83YB4ES8C_6ginger7matrix24tests_12test_unscale
FNDA:1,_RNvNtNtCsiV83YB4ES8C_6ginger7matrix24tests_15test_add_assign
FNDA:1,_RNvNtNtCsiV83YB4ES8C_6ginger7matrix24tests_15test_div_assign
FNDA:1,_RNvNtNtCsiV83YB4ES8C_6ginger7matrix24tests_15test_mul_assign
FNDA:1,_RNvNtNtCsiV83YB4ES8C_6ginger7matrix24tests_15test_scalar_div
FNDA:1,_RNvNtNtCsiV83YB4ES8C_6ginger7matrix24tests_15test_scalar_mul
FNDA:1,_RNvNtNtCsiV83YB4ES8C_6ginger7matrix24tests_15test_scalar_rem
FNDA:1,_RNvNtNtCsiV83YB4ES8C_6ginger7matrix24tests_15test_sub_assign
FNDA:1,_RNvNtNtCsiV83YB4ES8C_6ginger7matrix24tests_17test_clone_and_eq
FNDA:1,_RNvNtNtCsiV83YB4ES8C_6ginger7matrix24tests_18test_scale_unscale
FNDA:1,_RNvNtNtCsiV83YB4ES8C_6ginger7matrix24tests_20test_scalar_left_mul
FNDA:1,_RNvNtNtCsiV83YB4ES8C_6ginger7matrix24tests_21test_float_operations
FNDA:1,_RNvNtNtCsiV83YB4ES8C_6ginger7matrix24tests_25test_forward_val_xf_binop
FNDA:1,_RNvNtNtCsiV83YB4ES8C_6ginger7matrix24tests_25test_forward_xf_val_binop
FNDA:1,_RNvNtNtCsiV83YB4ES8C_6ginger7matrix24tests_29test_scalar_mul_by_ref_matrix
FNDA:1,_RNvNtNtCsiV83YB4ES8C_6ginger7matrix24tests_30test_scalar_arithmetic_forward
FNDA:1,_RNvNtNtCsiV83YB4ES8C_6ginger7matrix24tests_8test_add
FNDA:1,_RNvNtNtCsiV83YB4ES8C_6ginger7matrix24tests_8test_det
FNDA:1,_RNvNtNtCsiV83YB4ES8C_6ginger7matrix24tests_8test_neg
FNDA:1,_RNvNtNtCsiV83YB4ES8C_6ginger7matrix24tests_8test_new
FNDA:1,_RNvNtNtCsiV83YB4ES8C_6ginger7matrix24tests_8test_sub
FNDA:1,_RNvNtNtCsiV83YB4ES8C_6ginger7matrix24tests_9test_mdot
FNDA:1,_RNvNtNtCsiV83YB4ES8C_6ginger7matrix24tests_9test_zero
FNDA:68,_RNvMNtCsiV83YB4ES8C_6ginger7matrix2INtB2_7Matrix2dE3newB4_
FNDA:90,_RNvMNtCsiV83YB4ES8C_6ginger7matrix2INtB2_7Matrix2lE3newB4_
FNDA:42,_RNvMs_NtCsiV83YB4ES8C_6ginger7matrix2INtB4_7Matrix2dE3detB6_
FNDA:42,_RNvMs_NtCsiV83YB4ES8C_6ginger7matrix2INtB4_7Matrix2dE4mdotB6_
FNDA:8,_RNvMs_NtCsiV83YB4ES8C_6ginger7matrix2INtB4_7Matrix2dE5scaleB6_
FNDA:8,_RNvMs_NtCsiV83YB4ES8C_6ginger7matrix2INtB4_7Matrix2dE7unscaleB6_
FNDA:1,_RNvMs_NtCsiV83YB4ES8C_6ginger7matrix2INtB4_7Matrix2lE3detB6_
FNDA:1,_RNvMs_NtCsiV83YB4ES8C_6ginger7matrix2INtB4_7Matrix2lE4mdotB6_
FNDA:1,_RNvMs_NtCsiV83YB4ES8C_6ginger7matrix2INtB4_7Matrix2lE5scaleB6_
FNDA:1,_RNvMs_NtCsiV83YB4ES8C_6ginger7matrix2INtB4_7Matrix2lE7unscaleB6_
FNDA:2,_RNvXNtNtCsiV83YB4ES8C_6ginger7matrix28opassignINtB4_7Matrix2lENtNtNtCs4TwWhthMkYr_4core3ops5arith9AddAssign10add_assignB6_
FNDA:5,_RNvXs0_NtCsiV83YB4ES8C_6ginger7matrix2INtB5_7Matrix2lENtNtNtCs4TwWhthMkYr_4core3ops5arith3Add3addB7_
FNDA:2,_RNvXs0_NtNtCsiV83YB4ES8C_6ginger7matrix28opassignINtB7_7Matrix2lEINtNtNtCs4TwWhthMkYr_4core3ops5arith9MulAssignlE10mul_assignB9_
FNDA:2,_RNvXs1_NtCsiV83YB4ES8C_6ginger7matrix2INtB5_7Matrix2lENtNtNtCs4TwWhthMkYr_4core3ops5arith3Sub3subB7_
FNDA:2,_RNvXs1_NtNtCsiV83YB4ES8C_6ginger7matrix28opassignINtB7_7Matrix2lEINtNtNtCs4TwWhthMkYr_4core3ops5arith9DivAssignlE10div_assignB9_
FNDA:2,_RNvXs2_NtCsiV83YB4ES8C_6ginger7matrix2INtB5_7Matrix2lENtNtNtCs4TwWhthMkYr_4core3ops5arith3Neg3negB7_
FNDA:1,_RNvXs2_NtNtCsiV83YB4ES8C_6ginger7matrix28opassignINtB7_7Matrix2lEINtNtNtCs4TwWhthMkYr_4core3ops5arith9AddAssignRBL_E10add_assignB9_
FNDA:1,_RNvXs3_NtCsiV83YB4ES8C_6ginger7matrix2RINtB5_7Matrix2lENtNtNtCs4TwWhthMkYr_4core3ops5arith3Neg3negB7_
FNDA:1,_RNvXs3_NtNtCsiV83YB4ES8C_6ginger7matrix28opassignINtB7_7Matrix2lEINtNtNtCs4TwWhthMkYr_4core3ops5arith9SubAssignRBL_E10sub_assignB9_
FNDA:4,_RNvXs4_NtCsiV83YB4ES8C_6ginger7matrix2INtB5_7Matrix2lEINtNtNtCs4TwWhthMkYr_4core3ops5arith3MullE3mulB7_
FNDA:1,_RNvXs4_NtNtCsiV83YB4ES8C_6ginger7matrix28opassignINtB7_7Matrix2lEINtNtNtCs4TwWhthMkYr_4core3ops5arith9MulAssignRlE10mul_assignB9_
FNDA:1,_RNvXs5_NtCsiV83YB4ES8C_6ginger7matrix2INtB5_7Matrix2dEINtNtNtCs4TwWhthMkYr_4core3ops5arith3DivdE3divB7_
FNDA:1,_RNvXs5_NtCsiV83YB4ES8C_6ginger7matrix2INtB5_7Matrix2lEINtNtNtCs4TwWhthMkYr_4core3ops5arith3DivlE3divB7_
FNDA:1,_RNvXs5_NtNtCsiV83YB4ES8C_6ginger7matrix28opassignINtB7_7Matrix2lEINtNtNtCs4TwWhthMkYr_4core3ops5arith9DivAssignRlE10div_assignB9_
FNDA:1,_RNvXs6_NtCsiV83YB4ES8C_6ginger7matrix2INtB5_7Matrix2lEINtNtNtCs4TwWhthMkYr_4core3ops5arith3RemlE3remB7_
FNDA:1,_RNvXs7_NtCsiV83YB4ES8C_6ginger7matrix2INtB5_7Matrix2dENtNtCs8en5C4xUivq_10num_traits10identities4Zero4zeroB7_
FNDA:1,_RNvXs7_NtCsiV83YB4ES8C_6ginger7matrix2INtB5_7Matrix2lENtNtCs8en5C4xUivq_10num_traits10identities4Zero4zeroB7_
FNDA:3,_RNvXs7_NtCsiV83YB4ES8C_6ginger7matrix2INtB5_7Matrix2lENtNtCs8en5C4xUivq_10num_traits10identities4Zero7is_zeroB7_
FNDA:1,_RNvXs7_NtCsiV83YB4ES8C_6ginger7matrix2INtB5_7Matrix2lENtNtCs8en5C4xUivq_10num_traits10identities4Zero8set_zeroB7_
FNDA:1,_RNvXsA_NtCsiV83YB4ES8C_6ginger7matrix2INtB5_7Matrix2lEINtNtNtCs4TwWhthMkYr_4core3ops5arith3MulRlE3mulB7_
FNDA:2,_RNvXsB_NtCsiV83YB4ES8C_6ginger7matrix2RINtB5_7Matrix2lEINtNtNtCs4TwWhthMkYr_4core3ops5arith3MullE3mulB7_
FNDA:2,_RNvXs_NtNtCsiV83YB4ES8C_6ginger7matrix28opassignINtB6_7Matrix2lENtNtNtCs4TwWhthMkYr_4core3ops5arith9SubAssign10sub_assignB8_
FNDA:1,_RNvXsh_NtCsiV83YB4ES8C_6ginger7matrix2RINtB5_7Matrix2lEINtNtNtCs4TwWhthMkYr_4core3ops5arith3AddBB_E3addB7_
FNDA:1,_RNvXsi_NtCsiV83YB4ES8C_6ginger7matrix2INtB5_7Matrix2lEINtNtNtCs4TwWhthMkYr_4core3ops5arith3AddRBA_E3addB7_
FNDA:4,_RNvXs14_NtCsiV83YB4ES8C_6ginger7matrix2lINtNtNtCs4TwWhthMkYr_4core3ops5arith3MulRINtB6_7Matrix2lEE3mulB8_
FNDA:6,_RNvXsv_NtCsiV83YB4ES8C_6ginger7matrix2lINtNtNtCs4TwWhthMkYr_4core3ops5arith3MulINtB5_7Matrix2lEE3mulB7_
FNDA:0,_RNvXININtCsiV83YB4ES8C_6ginger7matrix2sC_0pERINtB5_7Matrix2pEINtNtNtCs4TwWhthMkYr_4core3ops5arith3MulRpE3mulB7_
FNDA:0,_RNvXININtCsiV83YB4ES8C_6ginger7matrix2sg_0pERINtB5_7Matrix2pENtNtNtCs4TwWhthMkYr_4core3ops5arith3Add3addB7_
FNDA:0,_RNvXININtCsiV83YB4ES8C_6ginger7matrix2sj_0pERINtB5_7Matrix2pENtNtNtCs4TwWhthMkYr_4core3ops5arith3Sub3subB7_
FNDA:0,_RNvXININtCsiV83YB4ES8C_6ginger7matrix2sk_0pERINtB5_7Matrix2pEINtNtNtCs4TwWhthMkYr_4core3ops5arith3SubBH_E3subB7_
FNDA:0,_RNvXININtCsiV83YB4ES8C_6ginger7matrix2sl_0pEINtB5_7Matrix2pEINtNtNtCs4TwWhthMkYr_4core3ops5arith3SubRBG_E3subB7_
FNDA:0,_RNvXs10_NtCsiV83YB4ES8C_6ginger7matrix2RaINtNtNtCs4TwWhthMkYr_4core3ops5arith3MulRINtB6_7Matrix2aEE3mulB8_
FNDA:0,_RNvXs11_NtCsiV83YB4ES8C_6ginger7matrix2sINtNtNtCs4TwWhthMkYr_4core3ops5arith3MulRINtB6_7Matrix2sEE3mulB8_
FNDA:0,_RNvXs12_NtCsiV83YB4ES8C_6ginger7matrix2RsINtNtNtCs4TwWhthMkYr_4core3ops5arith3MulINtB6_7Matrix2sEE3mulB8_
FNDA:0,_RNvXs13_NtCsiV83YB4ES8C_6ginger7matrix2RsINtNtNtCs4TwWhthMkYr_4core3ops5arith3MulRINtB6_7Matrix2sEE3mulB8_
FNDA:0,_RNvXs15_NtCsiV83YB4ES8C_6ginger7matrix2RlINtNtNtCs4TwWhthMkYr_4core3ops5arith3MulINtB6_7Matrix2lEE3mulB8_
FNDA:0,_RNvXs16_NtCsiV83YB4ES8C_6ginger7matrix2RlINtNtNtCs4TwWhthMkYr_4core3ops5arith3MulRINtB6_7Matrix2lEE3mulB8_
FNDA:0,_RNvXs17_NtCsiV83YB4ES8C_6ginger7matrix2xINtNtNtCs4TwWhthMkYr_4core3ops5arith3MulRINtB6_7Matrix2xEE3mulB8_
FNDA:0,_RNvXs18_NtCsiV83YB4ES8C_6ginger7matrix2RxINtNtNtCs4TwWhthMkYr_4core3ops5arith3MulINtB6_7Matrix2xEE3mulB8_
FNDA:0,_RNvXs19_NtCsiV83YB4ES8C_6ginger7matrix2RxINtNtNtCs4TwWhthMkYr_4core3ops5arith3MulRINtB6_7Matrix2xEE3mulB8_
FNDA:0,_RNvXs1a_NtCsiV83YB4ES8C_6ginger7matrix2nINtNtNtCs4TwWhthMkYr_4core3ops5arith3MulRINtB6_7Matrix2nEE3mulB8_
FNDA:0,_RNvXs1b_NtCsiV83YB4ES8C_6ginger7matrix2RnINtNtNtCs4TwWhthMkYr_4core3ops5arith3MulINtB6_7Matrix2nEE3mulB8_
FNDA:0,_RNvXs1c_NtCsiV83YB4ES8C_6ginger7matrix2RnINtNtNtCs4TwWhthMkYr_4core3ops5arith3MulRINtB6_7Matrix2nEE3mulB8_
FNDA:0,_RNvXs1d_NtCsiV83YB4ES8C_6ginger7matrix2fINtNtNtCs4TwWhthMkYr_4core3ops5arith3MulRINtB6_7Matrix2fEE3mulB8_
FNDA:0,_RNvXs1e_NtCsiV83YB4ES8C_6ginger7matrix2RfINtNtNtCs4TwWhthMkYr_4core3ops5arith3MulINtB6_7Matrix2fEE3mulB8_
FNDA:0,_RNvXs1f_NtCsiV83YB4ES8C_6ginger7matrix2RfINtNtNtCs4TwWhthMkYr_4core3ops5arith3MulRINtB6_7Matrix2fEE3mulB8_
FNDA:0,_RNvXs1g_NtCsiV83YB4ES8C_6ginger7matrix2dINtNtNtCs4TwWhthMkYr_4core3ops5arith3MulRINtB6_7Matrix2dEE3mulB8_
FNDA:0,_RNvXs1h_NtCsiV83YB4ES8C_6ginger7matrix2RdINtNtNtCs4TwWhthMkYr_4core3ops5arith3MulINtB6_7Matrix2dEE3mulB8_
FNDA:0,_RNvXs1i_NtCsiV83YB4ES8C_6ginger7matrix2RdINtNtNtCs4TwWhthMkYr_4core3ops5arith3MulRINtB6_7Matrix2dEE3mulB8_
FNDA:0,_RNvXsD_NtCsiV83YB4ES8C_6ginger7matrix2jINtNtNtCs4TwWhthMkYr_4core3ops5arith3MulRINtB5_7Matrix2jEE3mulB7_
FNDA:0,_RNvXsE_NtCsiV83YB4ES8C_6ginger7matrix2RjINtNtNtCs4TwWhthMkYr_4core3ops5arith3MulINtB5_7Matrix2jEE3mulB7_
FNDA:0,_RNvXsF_NtCsiV83YB4ES8C_6ginger7matrix2RjINtNtNtCs4TwWhthMkYr_4core3ops5arith3MulRINtB5_7Matrix2jEE3mulB7_
FNDA:0,_RNvXsG_NtCsiV83YB4ES8C_6ginger7matrix2hINtNtNtCs4TwWhthMkYr_4core3ops5arith3MulRINtB5_7Matrix2hEE3mulB7_
FNDA:0,_RNvXsH_NtCsiV83YB4ES8C_6ginger7matrix2RhINtNtNtCs4TwWhthMkYr_4core3ops5arith3MulINtB5_7Matrix2hEE3mulB7_
FNDA:0,_RNvXsI_NtCsiV83YB4ES8C_6ginger7matrix2RhINtNtNtCs4TwWhthMkYr_4core3ops5arith3MulRINtB5_7Matrix2hEE3mulB7_
FNDA:0,_RNvXsJ_NtCsiV83YB4ES8C_6ginger7matrix2tINtNtNtCs4TwWhthMkYr_4core3ops5arith3MulRINtB5_7Matrix2tEE3mulB7_
FNDA:0,_RNvXsK_NtCsiV83YB4ES8C_6ginger7matrix2RtINtNtNtCs4TwWhthMkYr_4core3ops5arith3MulINtB5_7Matrix2tEE3mulB7_
FNDA:0,_RNvXsL_NtCsiV83YB4ES8C_6ginger7matrix2RtINtNtNtCs4TwWhthMkYr_4core3ops5arith3MulRINtB5_7Matrix2tEE3mulB7_
FNDA:0,_RNvXsM_NtCsiV83YB4ES8C_6ginger7matrix2mINtNtNtCs4TwWhthMkYr_4core3ops5arith3MulRINtB5_7Matrix2mEE3mulB7_
FNDA:0,_RNvXsN_NtCsiV83YB4ES8C_6ginger7matrix2RmINtNtNtCs4TwWhthMkYr_4core3ops5arith3MulINtB5_7Matrix2mEE3mulB7_
FNDA:0,_RNvXsO_NtCsiV83YB4ES8C_6ginger7matrix2RmINtNtNtCs4TwWhthMkYr_4core3ops5arith3MulRINtB5_7Matrix2mEE3mulB7_
FNDA:0,_RNvXsP_NtCsiV83YB4ES8C_6ginger7matrix2yINtNtNtCs4TwWhthMkYr_4core3ops5arith3MulRINtB5_7Matrix2yEE3mulB7_
FNDA:0,_RNvXsQ_NtCsiV83YB4ES8C_6ginger7matrix2RyINtNtNtCs4TwWhthMkYr_4core3ops5arith3MulINtB5_7Matrix2yEE3mulB7_
FNDA:0,_RNvXsR_NtCsiV83YB4ES8C_6ginger7matrix2RyINtNtNtCs4TwWhthMkYr_4core3ops5arith3MulRINtB5_7Matrix2yEE3mulB7_
FNDA:0,_RNvXsS_NtCsiV83YB4ES8C_6ginger7matrix2oINtNtNtCs4TwWhthMkYr_4core3ops5arith3MulRINtB5_7Matrix2oEE3mulB7_
FNDA:0,_RNvXsT_NtCsiV83YB4ES8C_6ginger7matrix2RoINtNtNtCs4TwWhthMkYr_4core3ops5arith3MulINtB5_7Matrix2oEE3mulB7_
FNDA:0,_RNvXsU_NtCsiV83YB4ES8C_6ginger7matrix2RoINtNtNtCs4TwWhthMkYr_4core3ops5arith3MulRINtB5_7Matrix2oEE3mulB7_
FNDA:0,_RNvXsV_NtCsiV83YB4ES8C_6ginger7matrix2iINtNtNtCs4TwWhthMkYr_4core3ops5arith3MulRINtB5_7Matrix2iEE3mulB7_
FNDA:0,_RNvXsW_NtCsiV83YB4ES8C_6ginger7matrix2RiINtNtNtCs4TwWhthMkYr_4core3ops5arith3MulINtB5_7Matrix2iEE3mulB7_
FNDA:0,_RNvXsX_NtCsiV83YB4ES8C_6ginger7matrix2RiINtNtNtCs4TwWhthMkYr_4core3ops5arith3MulRINtB5_7Matrix2iEE3mulB7_
FNDA:0,_RNvXsY_NtCsiV83YB4ES8C_6ginger7matrix2aINtNtNtCs4TwWhthMkYr_4core3ops5arith3MulRINtB5_7Matrix2aEE3mulB7_
FNDA:0,_RNvXsZ_NtCsiV83YB4ES8C_6ginger7matrix2RaINtNtNtCs4TwWhthMkYr_4core3ops5arith3MulINtB5_7Matrix2aEE3mulB7_
FNDA:0,_RNvXsm_NtCsiV83YB4ES8C_6ginger7matrix2jINtNtNtCs4TwWhthMkYr_4core3ops5arith3MulINtB5_7Matrix2jEE3mulB7_
FNDA:0,_RNvXsn_NtCsiV83YB4ES8C_6ginger7matrix2hINtNtNtCs4TwWhthMkYr_4core3ops5arith3MulINtB5_7Matrix2hEE3mulB7_
FNDA:0,_RNvXso_NtCsiV83YB4ES8C_6ginger7matrix2tINtNtNtCs4TwWhthMkYr_4core3ops5arith3MulINtB5_7Matrix2tEE3mulB7_
FNDA:0,_RNvXsp_NtCsiV83YB4ES8C_6ginger7matrix2mINtNtNtCs4TwWhthMkYr_4core3ops5arith3MulINtB5_7Matrix2mEE3mulB7_
FNDA:0,_RNvXsq_NtCsiV83YB4ES8C_6ginger7matrix2yINtNtNtCs4TwWhthMkYr_4core3ops5arith3MulINtB5_7Matrix2yEE3mulB7_
FNDA:0,_RNvXsr_NtCsiV83YB4ES8C_6ginger7matrix2oINtNtNtCs4TwWhthMkYr_4core3ops5arith3MulINtB5_7Matrix2oEE3mulB7_
FNDA:0,_RNvXss_NtCsiV83YB4ES8C_6ginger7matrix2iINtNtNtCs4TwWhthMkYr_4core3ops5arith3MulINtB5_7Matrix2iEE3mulB7_
FNDA:0,_RNvXst_NtCsiV83YB4ES8C_6ginger7matrix2aINtNtNtCs4TwWhthMkYr_4core3ops5arith3MulINtB5_7Matrix2aEE3mulB7_
FNDA:0,_RNvXsu_NtCsiV83YB4ES8C_6ginger7matrix2sINtNtNtCs4TwWhthMkYr_4core3ops5arith3MulINtB5_7Matrix2sEE3mulB7_
FNDA:0,_RNvXsw_NtCsiV83YB4ES8C_6ginger7matrix2xINtNtNtCs4TwWhthMkYr_4core3ops5arith3MulINtB5_7Matrix2xEE3mulB7_
FNDA:0,_RNvXsx_NtCsiV83YB4ES8C_6ginger7matrix2nINtNtNtCs4TwWhthMkYr_4core3ops5arith3MulINtB5_7Matrix2nEE3mulB7_
FNDA:0,_RNvXsy_NtCsiV83YB4ES8C_6ginger7matrix2fINtNtNtCs4TwWhthMkYr_4core3ops5arith3MulINtB5_7Matrix2fEE3mulB7_
FNDA:0,_RNvXsz_NtCsiV83YB4ES8C_6ginger7matrix2dINtNtNtCs4TwWhthMkYr_4core3ops5arith3MulINtB5_7Matrix2dEE3mulB7_
FNF:57
FNH:53
DA:52,158
DA:53,158
DA:54,158
DA:78,43
DA:79,43
DA:80,43
DA:108,43
DA:109,43
DA:110,43
DA:134,9
DA:135,9
DA:136,9
DA:162,9
DA:163,9
DA:164,9
DA:173,0
DA:174,0
DA:175,0
DA:186,1
DA:187,1
DA:188,1
DA:199,1
DA:200,1
DA:201,1
DA:222,5
DA:223,5
DA:224,5
DA:234,2
DA:235,2
DA:236,2
DA:249,2
DA:250,2
DA:251,2
DA:252,2
DA:256,2
DA:257,2
DA:258,2
DA:259,2
DA:263,2
DA:264,2
DA:265,2
DA:266,2
DA:270,2
DA:271,2
DA:272,2
DA:273,2
DA:280,2
DA:281,2
DA:282,2
DA:291,2
DA:292,2
DA:293,2
DA:308,2
DA:309,2
DA:310,2
DA:317,1
DA:318,1
DA:319,1
DA:328,1
DA:329,1
DA:330,1
DA:336,2
DA:337,2
DA:338,2
DA:344,0
DA:345,0
DA:346,0
DA:353,4
DA:354,4
DA:355,4
DA:361,0
DA:362,0
DA:363,0
DA:369,0
DA:370,0
DA:371,0
DA:385,6
DA:386,6
DA:387,6
DA:398,4
DA:399,4
DA:400,4
DA:407,2
DA:408,2
DA:409,2
DA:416,1
DA:417,1
DA:418,1
DA:426,2
DA:427,2
DA:428,2
DA:431,3
DA:432,3
DA:433,3
DA:436,1
DA:437,1
DA:438,1
DA:439,1
DA:500,1
DA:511,1
DA:512,1
DA:515,1
DA:516,1
DA:517,1
DA:518,5
DA:519,5
DA:521,1
DA:537,1
DA:538,1
DA:539,1
DA:540,1
DA:541,1
DA:542,1
DA:543,1
DA:546,1
DA:547,1
DA:548,1
DA:550,1
DA:551,1
DA:552,1
DA:555,1
DA:556,1
DA:557,1
DA:558,1
DA:560,1
DA:561,1
DA:562,1
DA:563,1
DA:566,1
DA:567,1
DA:568,1
DA:569,1
DA:570,1
DA:573,1
DA:574,1
DA:575,1
DA:576,1
DA:578,1
DA:581,1
DA:582,1
DA:583,1
DA:584,1
DA:585,1
DA:588,1
DA:589,1
DA:590,1
DA:591,1
DA:593,1
DA:596,1
DA:597,1
DA:598,1
DA:599,1
DA:600,1
DA:601,1
DA:604,1
DA:605,1
DA:607,1
DA:608,1
DA:609,1
DA:612,1
DA:613,1
DA:614,1
DA:615,1
DA:616,1
DA:617,1
DA:620,1
DA:621,1
DA:622,1
DA:625,1
DA:626,1
DA:627,1
DA:628,1
DA:629,1
DA:632,1
DA:633,1
DA:634,1
DA:635,1
DA:636,1
DA:638,1
DA:639,1
DA:640,1
DA:642,1
DA:643,1
DA:644,1
DA:646,1
DA:647,1
DA:648,1
DA:650,1
DA:653,1
DA:654,1
DA:655,1
DA:656,1
DA:659,1
DA:660,1
DA:661,1
DA:662,1
DA:665,1
DA:666,1
DA:667,1
DA:668,1
DA:670,1
DA:671,1
DA:672,1
DA:673,1
DA:674,1
DA:677,1
DA:678,1
DA:679,1
DA:680,1
DA:681,1
DA:683,1
DA:684,1
DA:685,1
DA:686,1
DA:689,1
DA:690,1
DA:691,1
DA:692,1
DA:693,1
DA:695,1
DA:696,1
DA:697,1
DA:698,1
DA:701,1
DA:702,1
DA:703,1
DA:704,1
DA:706,1
DA:707,1
DA:708,1
DA:709,1
DA:710,1
DA:713,1
DA:714,1
DA:715,1
DA:716,1
DA:718,1
DA:719,1
DA:720,1
DA:721,1
DA:722,1
DA:725,1
DA:726,1
DA:727,1
DA:728,1
DA:729,1
DA:731,1
DA:732,1
DA:733,1
DA:735,1
DA:736,1
DA:739,1
DA:740,1
DA:741,1
DA:742,1
DA:744,1
DA:745,1
DA:746,1
DA:749,1
DA:750,1
DA:751,1
DA:752,1
DA:755,1
DA:758,1
DA:759,1
DA:760,1
DA:761,1
DA:762,1
DA:763,1
DA:766,1
DA:767,1
DA:768,1
DA:769,1
DA:770,1
DA:771,1
DA:774,1
DA:775,1
DA:776,1
DA:777,1
DA:778,1
DA:780,1
DA:781,1
DA:783,1
DA:784,1
DA:785,1
DA:788,1
DA:789,1
DA:790,1
DA:791,1
DA:792,1
DA:795,1
DA:796,1
DA:797,1
DA:798,1
BRF:0
BRH:0
LF:294
LH:282
end_of_record
SF:D:\github\rs\ginger-rs\src\rootfinding.rs
FN:765,_RNvNtNtCsiV83YB4ES8C_6ginger11rootfinding5testss_10test_delta
FN:896,_RNvNtNtCsiV83YB4ES8C_6ginger11rootfinding5testss_11test_delta1
FN:810,_RNvNtNtCsiV83YB4ES8C_6ginger11rootfinding5testss_11test_horner
FN:789,_RNvNtNtCsiV83YB4ES8C_6ginger11rootfinding5testss_13test_suppress
FN:802,_RNvNtNtCsiV83YB4ES8C_6ginger11rootfinding5testss_16test_horner_eval
FN:776,_RNvNtNtCsiV83YB4ES8C_6ginger11rootfinding5testss_17test_suppress_old
FN:821,_RNvNtNtCsiV83YB4ES8C_6ginger11rootfinding5testss_18test_initial_guess
FN:832,_RNvNtNtCsiV83YB4ES8C_6ginger11rootfinding5testss_19test_pbairstow_even
FN:730,_RNvNtNtCsiV83YB4ES8C_6ginger11rootfinding5testss_20test_options_default
FN:865,_RNvNtNtCsiV83YB4ES8C_6ginger11rootfinding5testss_21test_extract_autocorr
FN:854,_RNvNtNtCsiV83YB4ES8C_6ginger11rootfinding5testss_21test_initial_autocorr
FN:874,_RNvNtNtCsiV83YB4ES8C_6ginger11rootfinding5testss_23test_pbairstow_autocorr
FN:324,_RNCNvNtCsiV83YB4ES8C_6ginger11rootfinding13initial_guess0B5_
FN:507,_RNCNvNtCsiV83YB4ES8C_6ginger11rootfinding16initial_autocorr0B5_
FN:423,_RNCNvNtCsiV83YB4ES8C_6ginger11rootfinding17pbairstow_even_mt0B5_
FN:427,_RNCNvNtCsiV83YB4ES8C_6ginger11rootfinding17pbairstow_even_mts1_0B5_
FN:424,_RNCNvNtCsiV83YB4ES8C_6ginger11rootfinding17pbairstow_even_mts_0B5_
FN:470,_RNCNvNtCsiV83YB4ES8C_6ginger11rootfinding18pbairstow_even_job0B5_
FN:605,_RNCNvNtCsiV83YB4ES8C_6ginger11rootfinding21pbairstow_autocorr_mt0B5_
FN:609,_RNCNvNtCsiV83YB4ES8C_6ginger11rootfinding21pbairstow_autocorr_mts1_0B5_
FN:606,_RNCNvNtCsiV83YB4ES8C_6ginger11rootfinding21pbairstow_autocorr_mts_0B5_
FN:653,_RNCNvNtCsiV83YB4ES8C_6ginger11rootfinding25pbairstow_autocorr_mt_job0B5_
FN:68,_RNvNtCsiV83YB4ES8C_6ginger11rootfinding12make_adjointB3_
FN:98,_RNvNtCsiV83YB4ES8C_6ginger11rootfinding12make_inverseB3_
FN:192,_RNvNtCsiV83YB4ES8C_6ginger11rootfinding12suppress_oldB3_
FN:312,_RNvNtCsiV83YB4ES8C_6ginger11rootfinding13initial_guess
FN:358,_RNvNtCsiV83YB4ES8C_6ginger11rootfinding14pbairstow_even
FN:695,_RNvNtCsiV83YB4ES8C_6ginger11rootfinding16extract_autocorr
FN:499,_RNvNtCsiV83YB4ES8C_6ginger11rootfinding16initial_autocorr
FN:408,_RNvNtCsiV83YB4ES8C_6ginger11rootfinding17pbairstow_even_mt
FN:535,_RNvNtCsiV83YB4ES8C_6ginger11rootfinding18pbairstow_autocorr
FN:454,_RNvNtCsiV83YB4ES8C_6ginger11rootfinding18pbairstow_even_job
FN:586,_RNvNtCsiV83YB4ES8C_6ginger11rootfinding21pbairstow_autocorr_mt
FN:636,_RNvNtCsiV83YB4ES8C_6ginger11rootfinding25pbairstow_autocorr_mt_job
FN:136,_RNvNtCsiV83YB4ES8C_6ginger11rootfinding5deltaB3_
FN:156,_RNvNtCsiV83YB4ES8C_6ginger11rootfinding6delta1B3_
FN:282,_RNvNtCsiV83YB4ES8C_6ginger11rootfinding6horner
FN:242,_RNvNtCsiV83YB4ES8C_6ginger11rootfinding8suppressB3_
FN:33,_RNvXNtCsiV83YB4ES8C_6ginger11rootfindingNtB2_7OptionsNtNtCs4TwWhthMkYr_4core7default7Default7default
FNDA:1,_RNvNtNtCsiV83YB4ES8C_6ginger11rootfinding5testss_10test_delta
FNDA:1,_RNvNtNtCsiV83YB4ES8C_6ginger11rootfinding5testss_11test_delta1
FNDA:1,_RNvNtNtCsiV83YB4ES8C_6ginger11rootfinding5testss_11test_horner
FNDA:1,_RNvNtNtCsiV83YB4ES8C_6ginger11rootfinding5testss_13test_suppress
FNDA:1,_RNvNtNtCsiV83YB4ES8C_6ginger11rootfinding5testss_16test_horner_eval
FNDA:1,_RNvNtNtCsiV83YB4ES8C_6ginger11rootfinding5testss_17test_suppress_old
FNDA:1,_RNvNtNtCsiV83YB4ES8C_6ginger11rootfinding5testss_18test_initial_guess
FNDA:1,_RNvNtNtCsiV83YB4ES8C_6ginger11rootfinding5testss_19test_pbairstow_even
FNDA:1,_RNvNtNtCsiV83YB4ES8C_6ginger11rootfinding5testss_20test_options_default
FNDA:1,_RNvNtNtCsiV83YB4ES8C_6ginger11rootfinding5testss_21test_extract_autocorr
FNDA:1,_RNvNtNtCsiV83YB4ES8C_6ginger11rootfinding5testss_21test_initial_autocorr
FNDA:1,_RNvNtNtCsiV83YB4ES8C_6ginger11rootfinding5testss_23test_pbairstow_autocorr
FNDA:16,_RNCNvNtCsiV83YB4ES8C_6ginger11rootfinding13initial_guess0B5_
FNDA:8,_RNCNvNtCsiV83YB4ES8C_6ginger11rootfinding16initial_autocorr0B5_
FNDA:32,_RNCNvNtCsiV83YB4ES8C_6ginger11rootfinding17pbairstow_even_mt0B5_
FNDA:38,_RNCNvNtCsiV83YB4ES8C_6ginger11rootfinding17pbairstow_even_mts1_0B5_
FNDA:17,_RNCNvNtCsiV83YB4ES8C_6ginger11rootfinding17pbairstow_even_mts_0B5_
FNDA:128,_RNCNvNtCsiV83YB4ES8C_6ginger11rootfinding18pbairstow_even_job0B5_
FNDA:4,_RNCNvNtCsiV83YB4ES8C_6ginger11rootfinding21pbairstow_autocorr_mt0B5_
FNDA:3,_RNCNvNtCsiV83YB4ES8C_6ginger11rootfinding21pbairstow_autocorr_mts1_0B5_
FNDA:3,_RNCNvNtCsiV83YB4ES8C_6ginger11rootfinding21pbairstow_autocorr_mts_0B5_
FNDA:6,_RNCNvNtCsiV83YB4ES8C_6ginger11rootfinding25pbairstow_autocorr_mt_job0B5_
FNDA:38,_RNvNtCsiV83YB4ES8C_6ginger11rootfinding12make_adjointB3_
FNDA:1,_RNvNtCsiV83YB4ES8C_6ginger11rootfinding12make_inverseB3_
FNDA:106,_RNvNtCsiV83YB4ES8C_6ginger11rootfinding12suppress_oldB3_
FNDA:4,_RNvNtCsiV83YB4ES8C_6ginger11rootfinding13initial_guess
FNDA:2,_RNvNtCsiV83YB4ES8C_6ginger11rootfinding14pbairstow_even
FNDA:1,_RNvNtCsiV83YB4ES8C_6ginger11rootfinding16extract_autocorr
FNDA:4,_RNvNtCsiV83YB4ES8C_6ginger11rootfinding16initial_autocorr
FNDA:1,_RNvNtCsiV83YB4ES8C_6ginger11rootfinding17pbairstow_even_mt
FNDA:2,_RNvNtCsiV83YB4ES8C_6ginger11rootfinding18pbairstow_autocorr
FNDA:43,_RNvNtCsiV83YB4ES8C_6ginger11rootfinding18pbairstow_even_job
FNDA:1,_RNvNtCsiV83YB4ES8C_6ginger11rootfinding21pbairstow_autocorr_mt
FNDA:9,_RNvNtCsiV83YB4ES8C_6ginger11rootfinding25pbairstow_autocorr_mt_job
FNDA:38,_RNvNtCsiV83YB4ES8C_6ginger11rootfinding5deltaB3_
FNDA:1,_RNvNtCsiV83YB4ES8C_6ginger11rootfinding6delta1B3_
FNDA:90,_RNvNtCsiV83YB4ES8C_6ginger11rootfinding6horner
FNDA:1,_RNvNtCsiV83YB4ES8C_6ginger11rootfinding8suppressB3_
FNDA:6,_RNvXNtCsiV83YB4ES8C_6ginger11rootfindingNtB2_7OptionsNtNtCs4TwWhthMkYr_4core7default7Default7default
FNF:39
FNH:39
DA:33,6
DA:34,6
DA:35,6
DA:36,6
DA:37,6
DA:38,6
DA:39,6
DA:68,38
DA:69,38
DA:70,38
DA:71,38
DA:72,38
DA:73,38
DA:75,38
DA:98,1
DA:99,1
DA:100,1
DA:101,1
DA:102,1
DA:103,1
DA:105,1
DA:106,1
DA:136,38
DA:137,38
DA:138,38
DA:139,38
DA:156,1
DA:157,1
DA:158,1
DA:159,1
DA:160,1
DA:161,1
DA:192,106
DA:193,106
DA:194,106
DA:195,106
DA:196,106
DA:197,106
DA:198,106
DA:199,106
DA:200,106
DA:201,106
DA:202,106
DA:203,106
DA:204,106
DA:205,106
DA:206,106
DA:207,106
DA:208,106
DA:209,106
DA:242,1
DA:243,1
DA:244,1
DA:245,1
DA:246,1
DA:247,1
DA:248,1
DA:249,1
DA:250,1
DA:282,90
DA:283,90
DA:284,560
DA:285,560
DA:286,560
DA:287,560
DA:288,90
DA:289,90
DA:312,4
DA:313,4
DA:314,4
DA:316,4
DA:317,4
DA:318,4
DA:319,4
DA:320,4
DA:321,4
DA:322,4
DA:323,4
DA:324,16
DA:325,16
DA:326,16
DA:327,16
DA:328,16
DA:329,16
DA:330,4
DA:331,4
DA:358,2
DA:359,2
DA:360,2
DA:362,10
DA:363,10
DA:364,40
DA:365,40
DA:366,14
DA:367,26
DA:368,26
DA:369,26
DA:370,18
DA:371,14
DA:372,14
DA:373,8
DA:374,26
DA:376,10
DA:377,2
DA:378,8
DA:380,0
DA:381,2
DA:408,1
DA:411,1
DA:412,1
DA:413,1
DA:415,8
DA:416,8
DA:417,8
DA:419,8
DA:420,8
DA:421,8
DA:422,8
DA:423,32
DA:424,17
DA:425,17
DA:426,17
DA:427,38
DA:428,8
DA:429,8
DA:430,8
DA:431,8
DA:432,1
DA:433,7
DA:435,0
DA:436,1
DA:454,43
DA:455,43
DA:456,43
DA:457,43
DA:458,43
DA:459,43
DA:460,43
DA:461,43
DA:462,43
DA:463,43
DA:464,43
DA:465,43
DA:466,11
DA:467,11
DA:468,32
DA:469,32
DA:470,128
DA:471,96
DA:472,96
DA:473,32
DA:474,32
DA:475,32
DA:476,43
DA:499,4
DA:500,4
DA:501,4
DA:502,4
DA:503,4
DA:504,4
DA:505,4
DA:506,4
DA:507,8
DA:508,4
DA:509,4
DA:535,2
DA:536,2
DA:537,2
DA:539,4
DA:540,4
DA:542,8
DA:543,8
DA:544,2
DA:545,6
DA:546,6
DA:547,6
DA:548,6
DA:549,2
DA:550,2
DA:551,2
DA:552,4
DA:553,6
DA:555,4
DA:556,2
DA:557,2
DA:559,0
DA:560,2
DA:586,1
DA:587,1
DA:588,1
DA:589,1
DA:590,1
DA:593,1
DA:594,1
DA:595,1
DA:597,2
DA:598,2
DA:599,2
DA:601,2
DA:602,2
DA:603,2
DA:604,2
DA:605,4
DA:606,3
DA:607,3
DA:608,3
DA:609,3
DA:610,2
DA:611,1
DA:612,1
DA:613,2
DA:614,1
DA:615,1
DA:617,0
DA:618,1
DA:636,9
DA:637,9
DA:638,9
DA:639,9
DA:640,9
DA:641,9
DA:642,9
DA:643,9
DA:645,9
DA:646,9
DA:647,9
DA:648,9
DA:649,6
DA:650,6
DA:651,3
DA:652,3
DA:653,6
DA:654,3
DA:655,3
DA:656,3
DA:657,3
DA:658,3
DA:659,3
DA:660,3
DA:662,3
DA:663,3
DA:664,3
DA:665,3
DA:666,9
DA:695,1
DA:696,1
DA:697,1
DA:698,1
DA:699,1
DA:701,1
DA:702,1
DA:703,0
DA:704,0
DA:706,0
DA:707,0
DA:709,0
DA:710,0
DA:711,0
DA:712,0
DA:713,0
DA:714,0
DA:715,0
DA:716,0
DA:717,0
DA:718,0
DA:719,0
DA:721,0
DA:722,1
DA:730,1
DA:731,1
DA:732,1
DA:733,1
DA:734,1
DA:735,1
DA:765,1
DA:766,1
DA:767,1
DA:768,1
DA:769,1
DA:771,1
DA:772,1
DA:773,1
DA:776,1
DA:777,1
DA:778,1
DA:779,1
DA:780,1
DA:782,1
DA:783,1
DA:784,1
DA:785,1
DA:786,1
DA:789,1
DA:790,1
DA:791,1
DA:792,1
DA:793,1
DA:795,1
DA:796,1
DA:797,1
DA:798,1
DA:799,1
DA:802,1
DA:803,1
DA:804,1
DA:806,1
DA:807,1
DA:810,1
DA:811,1
DA:812,1
DA:813,1
DA:815,1
DA:816,1
DA:817,1
DA:818,1
DA:821,1
DA:822,1
DA:823,1
DA:825,1
DA:827,1
DA:828,1
DA:829,1
DA:832,1
DA:833,1
DA:834,1
DA:835,1
DA:837,1
DA:839,1
DA:840,1
DA:842,1
DA:843,1
DA:844,1
DA:845,1
DA:846,1
DA:847,1
DA:848,0
DA:850,1
DA:851,1
DA:854,1
DA:855,1
DA:856,1
DA:858,1
DA:860,1
DA:861,1
DA:862,1
DA:865,1
DA:866,1
DA:867,1
DA:869,1
DA:870,1
DA:871,1
DA:874,1
DA:875,1
DA:876,1
DA:877,1
DA:879,1
DA:881,1
DA:882,1
DA:884,1
DA:885,1
DA:886,1
DA:887,1
DA:888,1
DA:889,1
DA:890,0
DA:892,1
DA:893,1
DA:896,1
DA:897,1
DA:898,1
DA:899,1
DA:900,1
DA:902,1
DA:903,1
DA:904,1
BRF:0
BRH:0
LF:385
LH:363
end_of_record
SF:D:\github\rs\ginger-rs\src\vector2.rs
FN:418,_RNvXs16_NtCsiV83YB4ES8C_6ginger7vector2lINtNtNtCs4TwWhthMkYr_4core3ops5arith3MulRINtB6_7Vector2lEE3mulB8_
FN:450,_RNvXsB_NtCsiV83YB4ES8C_6ginger7vector2dINtNtNtCs4TwWhthMkYr_4core3ops5arith3MulINtB5_7Vector2dEE3mulB7_
FN:450,_RNvXsx_NtCsiV83YB4ES8C_6ginger7vector2lINtNtNtCs4TwWhthMkYr_4core3ops5arith3MulINtB5_7Vector2lEE3mulB7_
FN:53,_RNvMNtCsiV83YB4ES8C_6ginger7vector2INtB2_7Vector2IBy_dEE3newB4_
FN:53,_RNvMNtCsiV83YB4ES8C_6ginger7vector2INtB2_7Vector2dE3newB4_
FN:53,_RNvMNtCsiV83YB4ES8C_6ginger7vector2INtB2_7Vector2lE3newB4_
FN:201,_RNvMs0_NtCsiV83YB4ES8C_6ginger7vector2INtB5_7Vector2dE7l1_normB7_
FN:201,_RNvMs0_NtCsiV83YB4ES8C_6ginger7vector2INtB5_7Vector2lE7l1_normB7_
FN:223,_RNvMs1_NtCsiV83YB4ES8C_6ginger7vector2INtB5_7Vector2dE8norm_infB7_
FN:223,_RNvMs1_NtCsiV83YB4ES8C_6ginger7vector2INtB5_7Vector2lE8norm_infB7_
FN:81,_RNvMs_NtCsiV83YB4ES8C_6ginger7vector2INtB4_7Vector2dE3dotB6_
FN:107,_RNvMs_NtCsiV83YB4ES8C_6ginger7vector2INtB4_7Vector2dE5crossB6_
FN:153,_RNvMs_NtCsiV83YB4ES8C_6ginger7vector2INtB4_7Vector2dE5scaleB6_
FN:177,_RNvMs_NtCsiV83YB4ES8C_6ginger7vector2INtB4_7Vector2dE7unscaleB6_
FN:128,_RNvMs_NtCsiV83YB4ES8C_6ginger7vector2INtB4_7Vector2dE8norm_sqrB6_
FN:81,_RNvMs_NtCsiV83YB4ES8C_6ginger7vector2INtB4_7Vector2lE3dotB6_
FN:107,_RNvMs_NtCsiV83YB4ES8C_6ginger7vector2INtB4_7Vector2lE5crossB6_
FN:177,_RNvMs_NtCsiV83YB4ES8C_6ginger7vector2INtB4_7Vector2lE7unscaleB6_
FN:128,_RNvMs_NtCsiV83YB4ES8C_6ginger7vector2INtB4_7Vector2lE8norm_sqrB6_
FN:314,_RNvXNtNtCsiV83YB4ES8C_6ginger7vector28opassignINtB4_7Vector2dENtNtNtCs4TwWhthMkYr_4core3ops5arith9AddAssign10add_assignB6_
FN:314,_RNvXNtNtCsiV83YB4ES8C_6ginger7vector28opassignINtB4_7Vector2lENtNtNtCs4TwWhthMkYr_4core3ops5arith9AddAssign10add_assignB6_
FN:328,_RNvXs0_NtNtCsiV83YB4ES8C_6ginger7vector28opassignINtB7_7Vector2dEINtNtNtCs4TwWhthMkYr_4core3ops5arith9MulAssigndE10mul_assignB9_
FN:328,_RNvXs0_NtNtCsiV83YB4ES8C_6ginger7vector28opassignINtB7_7Vector2lEINtNtNtCs4TwWhthMkYr_4core3ops5arith9MulAssignlE10mul_assignB9_
FN:335,_RNvXs1_NtNtCsiV83YB4ES8C_6ginger7vector28opassignINtB7_7Vector2dEINtNtNtCs4TwWhthMkYr_4core3ops5arith9DivAssigndE10div_assignB9_
FN:335,_RNvXs1_NtNtCsiV83YB4ES8C_6ginger7vector28opassignINtB7_7Vector2lEINtNtNtCs4TwWhthMkYr_4core3ops5arith9DivAssignlE10div_assignB9_
FN:287,_RNvXs2_NtCsiV83YB4ES8C_6ginger7vector2INtB5_7Vector2dENtNtNtCs4TwWhthMkYr_4core3ops5arith3Add3addB7_
FN:287,_RNvXs2_NtCsiV83YB4ES8C_6ginger7vector2INtB5_7Vector2lENtNtNtCs4TwWhthMkYr_4core3ops5arith3Add3addB7_
FN:345,_RNvXs2_NtNtCsiV83YB4ES8C_6ginger7vector28opassignINtB7_7Vector2lEINtNtNtCs4TwWhthMkYr_4core3ops5arith9AddAssignRBL_E10add_assignB9_
FN:299,_RNvXs3_NtCsiV83YB4ES8C_6ginger7vector2INtB5_7Vector2dENtNtNtCs4TwWhthMkYr_4core3ops5arith3Sub3subB7_
FN:299,_RNvXs3_NtCsiV83YB4ES8C_6ginger7vector2INtB5_7Vector2lENtNtNtCs4TwWhthMkYr_4core3ops5arith3Sub3subB7_
FN:345,_RNvXs3_NtNtCsiV83YB4ES8C_6ginger7vector28opassignINtB7_7Vector2lEINtNtNtCs4TwWhthMkYr_4core3ops5arith9SubAssignRBL_E10sub_assignB9_
FN:373,_RNvXs4_NtCsiV83YB4ES8C_6ginger7vector2INtB5_7Vector2dENtNtNtCs4TwWhthMkYr_4core3ops5arith3Neg3negB7_
FN:373,_RNvXs4_NtCsiV83YB4ES8C_6ginger7vector2INtB5_7Vector2lENtNtNtCs4TwWhthMkYr_4core3ops5arith3Neg3negB7_
FN:356,_RNvXs4_NtNtCsiV83YB4ES8C_6ginger7vector28opassignINtB7_7Vector2lEINtNtNtCs4TwWhthMkYr_4core3ops5arith9MulAssignRlE10mul_assignB9_
FN:382,_RNvXs5_NtCsiV83YB4ES8C_6ginger7vector2RINtB5_7Vector2lENtNtNtCs4TwWhthMkYr_4core3ops5arith3Neg3negB7_
FN:356,_RNvXs5_NtNtCsiV83YB4ES8C_6ginger7vector28opassignINtB7_7Vector2lEINtNtNtCs4TwWhthMkYr_4core3ops5arith9DivAssignRlE10div_assignB9_
FN:463,_RNvXs6_NtCsiV83YB4ES8C_6ginger7vector2INtB5_7Vector2dEINtNtNtCs4TwWhthMkYr_4core3ops5arith3MuldE3mulB7_
FN:463,_RNvXs6_NtCsiV83YB4ES8C_6ginger7vector2INtB5_7Vector2lEINtNtNtCs4TwWhthMkYr_4core3ops5arith3MullE3mulB7_
FN:472,_RNvXs7_NtCsiV83YB4ES8C_6ginger7vector2INtB5_7Vector2dEINtNtNtCs4TwWhthMkYr_4core3ops5arith3DivdE3divB7_
FN:472,_RNvXs7_NtCsiV83YB4ES8C_6ginger7vector2INtB5_7Vector2lEINtNtNtCs4TwWhthMkYr_4core3ops5arith3DivlE3divB7_
FN:481,_RNvXs8_NtCsiV83YB4ES8C_6ginger7vector2INtB5_7Vector2lEINtNtNtCs4TwWhthMkYr_4core3ops5arith3RemlE3remB7_
FN:491,_RNvXs9_NtCsiV83YB4ES8C_6ginger7vector2INtB5_7Vector2dENtNtCs8en5C4xUivq_10num_traits10identities4Zero4zeroB7_
FN:491,_RNvXs9_NtCsiV83YB4ES8C_6ginger7vector2INtB5_7Vector2lENtNtCs8en5C4xUivq_10num_traits10identities4Zero4zeroB7_
FN:496,_RNvXs9_NtCsiV83YB4ES8C_6ginger7vector2INtB5_7Vector2lENtNtCs8en5C4xUivq_10num_traits10identities4Zero7is_zeroB7_
FN:501,_RNvXs9_NtCsiV83YB4ES8C_6ginger7vector2INtB5_7Vector2lENtNtCs8en5C4xUivq_10num_traits10identities4Zero8set_zeroB7_
FN:393,_RNvXsC_NtCsiV83YB4ES8C_6ginger7vector2INtB5_7Vector2lEINtNtNtCs4TwWhthMkYr_4core3ops5arith3MulRlE3mulB7_
FN:401,_RNvXsD_NtCsiV83YB4ES8C_6ginger7vector2RINtB5_7Vector2lEINtNtNtCs4TwWhthMkYr_4core3ops5arith3MullE3mulB7_
FN:321,_RNvXs_NtNtCsiV83YB4ES8C_6ginger7vector28opassignINtB6_7Vector2dENtNtNtCs4TwWhthMkYr_4core3ops5arith9SubAssign10sub_assignB8_
FN:321,_RNvXs_NtNtCsiV83YB4ES8C_6ginger7vector28opassignINtB6_7Vector2lENtNtNtCs4TwWhthMkYr_4core3ops5arith9SubAssign10sub_assignB8_
FN:251,_RNvXsj_NtCsiV83YB4ES8C_6ginger7vector2RINtB5_7Vector2lEINtNtNtCs4TwWhthMkYr_4core3ops5arith3AddBB_E3addB7_
FN:264,_RNvXsk_NtCsiV83YB4ES8C_6ginger7vector2INtB5_7Vector2lEINtNtNtCs4TwWhthMkYr_4core3ops5arith3AddRBA_E3addB7_
FN:238,_RNvXsl_NtCsiV83YB4ES8C_6ginger7vector2RINtB5_7Vector2dENtNtNtCs4TwWhthMkYr_4core3ops5arith3Sub3subB7_
FN:251,_RNvXsm_NtCsiV83YB4ES8C_6ginger7vector2RINtB5_7Vector2dEINtNtNtCs4TwWhthMkYr_4core3ops5arith3SubBB_E3subB7_
FN:583,_RNvNtNtCsiV83YB4ES8C_6ginger7vector24tests_10test_cross
FN:754,_RNvNtNtCsiV83YB4ES8C_6ginger7vector24tests_10test_debug
FN:597,_RNvNtNtCsiV83YB4ES8C_6ginger7vector24tests_10test_scale
FN:535,_RNvNtNtCsiV83YB4ES8C_6ginger7vector24tests_11test_consts
FN:610,_RNvNtNtCsiV83YB4ES8C_6ginger7vector24tests_12test_l1_norm
FN:604,_RNvNtNtCsiV83YB4ES8C_6ginger7vector24tests_12test_unscale
FN:616,_RNvNtNtCsiV83YB4ES8C_6ginger7vector24tests_13test_norm_inf
FN:591,_RNvNtNtCsiV83YB4ES8C_6ginger7vector24tests_13test_norm_sqr
FN:688,_RNvNtNtCsiV83YB4ES8C_6ginger7vector24tests_15test_add_assign
FN:724,_RNvNtNtCsiV83YB4ES8C_6ginger7vector24tests_15test_div_assign
FN:712,_RNvNtNtCsiV83YB4ES8C_6ginger7vector24tests_15test_mul_assign
FN:664,_RNvNtNtCsiV83YB4ES8C_6ginger7vector24tests_15test_scalar_div
FN:655,_RNvNtNtCsiV83YB4ES8C_6ginger7vector24tests_15test_scalar_mul
FN:670,_RNvNtNtCsiV83YB4ES8C_6ginger7vector24tests_15test_scalar_rem
FN:700,_RNvNtNtCsiV83YB4ES8C_6ginger7vector24tests_15test_sub_assign
FN:744,_RNvNtNtCsiV83YB4ES8C_6ginger7vector24tests_17test_clone_and_eq
FN:549,_RNvNtNtCsiV83YB4ES8C_6ginger7vector24tests_18test_scale_unscale
FN:790,_RNvNtNtCsiV83YB4ES8C_6ginger7vector24tests_20test_scalar_left_mul
FN:736,_RNvNtNtCsiV83YB4ES8C_6ginger7vector24tests_21test_float_operations
FN:768,_RNvNtNtCsiV83YB4ES8C_6ginger7vector24tests_25test_forward_val_xf_binop
FN:760,_RNvNtNtCsiV83YB4ES8C_6ginger7vector24tests_25test_forward_xf_val_binop
FN:776,_RNvNtNtCsiV83YB4ES8C_6ginger7vector24tests_30test_scalar_arithmetic_forward
FN:625,_RNvNtNtCsiV83YB4ES8C_6ginger7vector24tests_8test_add
FN:575,_RNvNtNtCsiV83YB4ES8C_6ginger7vector24tests_8test_dot
FN:648,_RNvNtNtCsiV83YB4ES8C_6ginger7vector24tests_8test_neg
FN:568,_RNvNtNtCsiV83YB4ES8C_6ginger7vector24tests_8test_new
FN:638,_RNvNtNtCsiV83YB4ES8C_6ginger7vector24tests_8test_sub
FN:676,_RNvNtNtCsiV83YB4ES8C_6ginger7vector24tests_9test_zero
FN:537,_RNvNvNtNtCsiV83YB4ES8C_6ginger7vector24tests_11test_consts4test
FN:409,_RNvXININtCsiV83YB4ES8C_6ginger7vector2sE_0pERINtB5_7Vector2pEINtNtNtCs4TwWhthMkYr_4core3ops5arith3MulRpE3mulB7_
FN:238,_RNvXININtCsiV83YB4ES8C_6ginger7vector2si_0pERINtB5_7Vector2pENtNtNtCs4TwWhthMkYr_4core3ops5arith3Add3addB7_
FN:264,_RNvXININtCsiV83YB4ES8C_6ginger7vector2sn_0pEINtB5_7Vector2pEINtNtNtCs4TwWhthMkYr_4core3ops5arith3SubRBG_E3subB7_
FN:418,_RNvXs10_NtCsiV83YB4ES8C_6ginger7vector2aINtNtNtCs4TwWhthMkYr_4core3ops5arith3MulRINtB6_7Vector2aEE3mulB8_
FN:426,_RNvXs11_NtCsiV83YB4ES8C_6ginger7vector2RaINtNtNtCs4TwWhthMkYr_4core3ops5arith3MulINtB6_7Vector2aEE3mulB8_
FN:434,_RNvXs12_NtCsiV83YB4ES8C_6ginger7vector2RaINtNtNtCs4TwWhthMkYr_4core3ops5arith3MulRINtB6_7Vector2aEE3mulB8_
FN:418,_RNvXs13_NtCsiV83YB4ES8C_6ginger7vector2sINtNtNtCs4TwWhthMkYr_4core3ops5arith3MulRINtB6_7Vector2sEE3mulB8_
FN:426,_RNvXs14_NtCsiV83YB4ES8C_6ginger7vector2RsINtNtNtCs4TwWhthMkYr_4core3ops5arith3MulINtB6_7Vector2sEE3mulB8_
FN:434,_RNvXs15_NtCsiV83YB4ES8C_6ginger7vector2RsINtNtNtCs4TwWhthMkYr_4core3ops5arith3MulRINtB6_7Vector2sEE3mulB8_
FN:426,_RNvXs17_NtCsiV83YB4ES8C_6ginger7vector2RlINtNtNtCs4TwWhthMkYr_4core3ops5arith3MulINtB6_7Vector2lEE3mulB8_
FN:434,_RNvXs18_NtCsiV83YB4ES8C_6ginger7vector2RlINtNtNtCs4TwWhthMkYr_4core3ops5arith3MulRINtB6_7Vector2lEE3mulB8_
FN:418,_RNvXs19_NtCsiV83YB4ES8C_6ginger7vector2xINtNtNtCs4TwWhthMkYr_4core3ops5arith3MulRINtB6_7Vector2xEE3mulB8_
FN:426,_RNvXs1a_NtCsiV83YB4ES8C_6ginger7vector2RxINtNtNtCs4TwWhthMkYr_4core3ops5arith3MulINtB6_7Vector2xEE3mulB8_
FN:434,_RNvXs1b_NtCsiV83YB4ES8C_6ginger7vector2RxINtNtNtCs4TwWhthMkYr_4core3ops5arith3MulRINtB6_7Vector2xEE3mulB8_
FN:418,_RNvXs1c_NtCsiV83YB4ES8C_6ginger7vector2nINtNtNtCs4TwWhthMkYr_4core3ops5arith3MulRINtB6_7Vector2nEE3mulB8_
FN:426,_RNvXs1d_NtCsiV83YB4ES8C_6ginger7vector2RnINtNtNtCs4TwWhthMkYr_4core3ops5arith3MulINtB6_7Vector2nEE3mulB8_
FN:434,_RNvXs1e_NtCsiV83YB4ES8C_6ginger7vector2RnINtNtNtCs4TwWhthMkYr_4core3ops5arith3MulRINtB6_7Vector2nEE3mulB8_
FN:418,_RNvXs1f_NtCsiV83YB4ES8C_6ginger7vector2fINtNtNtCs4TwWhthMkYr_4core3ops5arith3MulRINtB6_7Vector2fEE3mulB8_
FN:426,_RNvXs1g_NtCsiV83YB4ES8C_6ginger7vector2RfINtNtNtCs4TwWhthMkYr_4core3ops5arith3MulINtB6_7Vector2fEE3mulB8_
FN:434,_RNvXs1h_NtCsiV83YB4ES8C_6ginger7vector2RfINtNtNtCs4TwWhthMkYr_4core3ops5arith3MulRINtB6_7Vector2fEE3mulB8_
FN:418,_RNvXs1i_NtCsiV83YB4ES8C_6ginger7vector2dINtNtNtCs4TwWhthMkYr_4core3ops5arith3MulRINtB6_7Vector2dEE3mulB8_
FN:426,_RNvXs1j_NtCsiV83YB4ES8C_6ginger7vector2RdINtNtNtCs4TwWhthMkYr_4core3ops5arith3MulINtB6_7Vector2dEE3mulB8_
FN:434,_RNvXs1k_NtCsiV83YB4ES8C_6ginger7vector2RdINtNtNtCs4TwWhthMkYr_4core3ops5arith3MulRINtB6_7Vector2dEE3mulB8_
FN:450,_RNvXsA_NtCsiV83YB4ES8C_6ginger7vector2fINtNtNtCs4TwWhthMkYr_4core3ops5arith3MulINtB5_7Vector2fEE3mulB7_
FN:418,_RNvXsF_NtCsiV83YB4ES8C_6ginger7vector2jINtNtNtCs4TwWhthMkYr_4core3ops5arith3MulRINtB5_7Vector2jEE3mulB7_
FN:426,_RNvXsG_NtCsiV83YB4ES8C_6ginger7vector2RjINtNtNtCs4TwWhthMkYr_4core3ops5arith3MulINtB5_7Vector2jEE3mulB7_
FN:434,_RNvXsH_NtCsiV83YB4ES8C_6ginger7vector2RjINtNtNtCs4TwWhthMkYr_4core3ops5arith3MulRINtB5_7Vector2jEE3mulB7_
FN:418,_RNvXsI_NtCsiV83YB4ES8C_6ginger7vector2hINtNtNtCs4TwWhthMkYr_4core3ops5arith3MulRINtB5_7Vector2hEE3mulB7_
FN:426,_RNvXsJ_NtCsiV83YB4ES8C_6ginger7vector2RhINtNtNtCs4TwWhthMkYr_4core3ops5arith3MulINtB5_7Vector2hEE3mulB7_
FN:434,_RNvXsK_NtCsiV83YB4ES8C_6ginger7vector2RhINtNtNtCs4TwWhthMkYr_4core3ops5arith3MulRINtB5_7Vector2hEE3mulB7_
FN:418,_RNvXsL_NtCsiV83YB4ES8C_6ginger7vector2tINtNtNtCs4TwWhthMkYr_4core3ops5arith3MulRINtB5_7Vector2tEE3mulB7_
FN:426,_RNvXsM_NtCsiV83YB4ES8C_6ginger7vector2RtINtNtNtCs4TwWhthMkYr_4core3ops5arith3MulINtB5_7Vector2tEE3mulB7_
FN:434,_RNvXsN_NtCsiV83YB4ES8C_6ginger7vector2RtINtNtNtCs4TwWhthMkYr_4core3ops5arith3MulRINtB5_7Vector2tEE3mulB7_
FN:418,_RNvXsO_NtCsiV83YB4ES8C_6ginger7vector2mINtNtNtCs4TwWhthMkYr_4core3ops5arith3MulRINtB5_7Vector2mEE3mulB7_
FN:426,_RNvXsP_NtCsiV83YB4ES8C_6ginger7vector2RmINtNtNtCs4TwWhthMkYr_4core3ops5arith3MulINtB5_7Vector2mEE3mulB7_
FN:434,_RNvXsQ_NtCsiV83YB4ES8C_6ginger7vector2RmINtNtNtCs4TwWhthMkYr_4core3ops5arith3MulRINtB5_7Vector2mEE3mulB7_
FN:418,_RNvXsR_NtCsiV83YB4ES8C_6ginger7vector2yINtNtNtCs4TwWhthMkYr_4core3ops5arith3MulRINtB5_7Vector2yEE3mulB7_
FN:426,_RNvXsS_NtCsiV83YB4ES8C_6ginger7vector2RyINtNtNtCs4TwWhthMkYr_4core3ops5arith3MulINtB5_7Vector2yEE3mulB7_
FN:434,_RNvXsT_NtCsiV83YB4ES8C_6ginger7vector2RyINtNtNtCs4TwWhthMkYr_4core3ops5arith3MulRINtB5_7Vector2yEE3mulB7_
FN:418,_RNvXsU_NtCsiV83YB4ES8C_6ginger7vector2oINtNtNtCs4TwWhthMkYr_4core3ops5arith3MulRINtB5_7Vector2oEE3mulB7_
FN:426,_RNvXsV_NtCsiV83YB4ES8C_6ginger7vector2RoINtNtNtCs4TwWhthMkYr_4core3ops5arith3MulINtB5_7Vector2oEE3mulB7_
FN:434,_RNvXsW_NtCsiV83YB4ES8C_6ginger7vector2RoINtNtNtCs4TwWhthMkYr_4core3ops5arith3MulRINtB5_7Vector2oEE3mulB7_
FN:418,_RNvXsX_NtCsiV83YB4ES8C_6ginger7vector2iINtNtNtCs4TwWhthMkYr_4core3ops5arith3MulRINtB5_7Vector2iEE3mulB7_
FN:426,_RNvXsY_NtCsiV83YB4ES8C_6ginger7vector2RiINtNtNtCs4TwWhthMkYr_4core3ops5arith3MulINtB5_7Vector2iEE3mulB7_
FN:434,_RNvXsZ_NtCsiV83YB4ES8C_6ginger7vector2RiINtNtNtCs4TwWhthMkYr_4core3ops5arith3MulRINtB5_7Vector2iEE3mulB7_
FN:450,_RNvXso_NtCsiV83YB4ES8C_6ginger7vector2jINtNtNtCs4TwWhthMkYr_4core3ops5arith3MulINtB5_7Vector2jEE3mulB7_
FN:450,_RNvXsp_NtCsiV83YB4ES8C_6ginger7vector2hINtNtNtCs4TwWhthMkYr_4core3ops5arith3MulINtB5_7Vector2hEE3mulB7_
FN:450,_RNvXsq_NtCsiV83YB4ES8C_6ginger7vector2tINtNtNtCs4TwWhthMkYr_4core3ops5arith3MulINtB5_7Vector2tEE3mulB7_
FN:450,_RNvXsr_NtCsiV83YB4ES8C_6ginger7vector2mINtNtNtCs4TwWhthMkYr_4core3ops5arith3MulINtB5_7Vector2mEE3mulB7_
FN:450,_RNvXss_NtCsiV83YB4ES8C_6ginger7vector2yINtNtNtCs4TwWhthMkYr_4core3ops5arith3MulINtB5_7Vector2yEE3mulB7_
FN:450,_RNvXst_NtCsiV83YB4ES8C_6ginger7vector2oINtNtNtCs4TwWhthMkYr_4core3ops5arith3MulINtB5_7Vector2oEE3mulB7_
FN:450,_RNvXsu_NtCsiV83YB4ES8C_6ginger7vector2iINtNtNtCs4TwWhthMkYr_4core3ops5arith3MulINtB5_7Vector2iEE3mulB7_
FN:450,_RNvXsv_NtCsiV83YB4ES8C_6ginger7vector2aINtNtNtCs4TwWhthMkYr_4core3ops5arith3MulINtB5_7Vector2aEE3mulB7_
FN:450,_RNvXsw_NtCsiV83YB4ES8C_6ginger7vector2sINtNtNtCs4TwWhthMkYr_4core3ops5arith3MulINtB5_7Vector2sEE3mulB7_
FN:450,_RNvXsy_NtCsiV83YB4ES8C_6ginger7vector2xINtNtNtCs4TwWhthMkYr_4core3ops5arith3MulINtB5_7Vector2xEE3mulB7_
FN:450,_RNvXsz_NtCsiV83YB4ES8C_6ginger7vector2nINtNtNtCs4TwWhthMkYr_4core3ops5arith3MulINtB5_7Vector2nEE3mulB7_
FNDA:3,_RNvXs16_NtCsiV83YB4ES8C_6ginger7vector2lINtNtNtCs4TwWhthMkYr_4core3ops5arith3MulRINtB6_7Vector2lEE3mulB8_
FNDA:1,_RNvXsB_NtCsiV83YB4ES8C_6ginger7vector2dINtNtNtCs4TwWhthMkYr_4core3ops5arith3MulINtB5_7Vector2dEE3mulB7_
FNDA:17,_RNvXsx_NtCsiV83YB4ES8C_6ginger7vector2lINtNtNtCs4TwWhthMkYr_4core3ops5arith3MulINtB5_7Vector2lEE3mulB7_
FNDA:1,_RNvMNtCsiV83YB4ES8C_6ginger7vector2INtB2_7Vector2IBy_dEE3newB4_
FNDA:1276,_RNvMNtCsiV83YB4ES8C_6ginger7vector2INtB2_7Vector2dE3newB4_
FNDA:4627,_RNvMNtCsiV83YB4ES8C_6ginger7vector2INtB2_7Vector2lE3newB4_
FNDA:1,_RNvMs0_NtCsiV83YB4ES8C_6ginger7vector2INtB5_7Vector2dE7l1_normB7_
FNDA:1,_RNvMs0_NtCsiV83YB4ES8C_6ginger7vector2INtB5_7Vector2lE7l1_normB7_
FNDA:54,_RNvMs1_NtCsiV83YB4ES8C_6ginger7vector2INtB5_7Vector2dE8norm_infB7_
FNDA:2,_RNvMs1_NtCsiV83YB4ES8C_6ginger7vector2INtB5_7Vector2lE8norm_infB7_
FNDA:86,_RNvMs_NtCsiV83YB4ES8C_6ginger7vector2INtB4_7Vector2dE3dotB6_
FNDA:42,_RNvMs_NtCsiV83YB4ES8C_6ginger7vector2INtB4_7Vector2dE5crossB6_
FNDA:266,_RNvMs_NtCsiV83YB4ES8C_6ginger7vector2INtB4_7Vector2dE5scaleB6_
FNDA:264,_RNvMs_NtCsiV83YB4ES8C_6ginger7vector2INtB4_7Vector2dE7unscaleB6_
FNDA:1,_RNvMs_NtCsiV83YB4ES8C_6ginger7vector2INtB4_7Vector2dE8norm_sqrB6_
FNDA:517,_RNvMs_NtCsiV83YB4ES8C_6ginger7vector2INtB4_7Vector2lE3dotB6_
FNDA:3,_RNvMs_NtCsiV83YB4ES8C_6ginger7vector2INtB4_7Vector2lE5crossB6_
FNDA:1,_RNvMs_NtCsiV83YB4ES8C_6ginger7vector2INtB4_7Vector2lE7unscaleB6_
FNDA:1,_RNvMs_NtCsiV83YB4ES8C_6ginger7vector2INtB4_7Vector2lE8norm_sqrB6_
FNDA:1,_RNvXNtNtCsiV83YB4ES8C_6ginger7vector28opassignINtB4_7Vector2dENtNtNtCs4TwWhthMkYr_4core3ops5arith9AddAssign10add_assignB6_
FNDA:6,_RNvXNtNtCsiV83YB4ES8C_6ginger7vector28opassignINtB4_7Vector2lENtNtNtCs4TwWhthMkYr_4core3ops5arith9AddAssign10add_assignB6_
FNDA:1,_RNvXs0_NtNtCsiV83YB4ES8C_6ginger7vector28opassignINtB7_7Vector2dEINtNtNtCs4TwWhthMkYr_4core3ops5arith9MulAssigndE10mul_assignB9_
FNDA:6,_RNvXs0_NtNtCsiV83YB4ES8C_6ginger7vector28opassignINtB7_7Vector2lEINtNtNtCs4TwWhthMkYr_4core3ops5arith9MulAssignlE10mul_assignB9_
FNDA:1,_RNvXs1_NtNtCsiV83YB4ES8C_6ginger7vector28opassignINtB7_7Vector2dEINtNtNtCs4TwWhthMkYr_4core3ops5arith9DivAssigndE10div_assignB9_
FNDA:6,_RNvXs1_NtNtCsiV83YB4ES8C_6ginger7vector28opassignINtB7_7Vector2lEINtNtNtCs4TwWhthMkYr_4core3ops5arith9DivAssignlE10div_assignB9_
FNDA:1,_RNvXs2_NtCsiV83YB4ES8C_6ginger7vector2INtB5_7Vector2dENtNtNtCs4TwWhthMkYr_4core3ops5arith3Add3addB7_
FNDA:527,_RNvXs2_NtCsiV83YB4ES8C_6ginger7vector2INtB5_7Vector2lENtNtNtCs4TwWhthMkYr_4core3ops5arith3Add3addB7_
FNDA:1,_RNvXs2_NtNtCsiV83YB4ES8C_6ginger7vector28opassignINtB7_7Vector2lEINtNtNtCs4TwWhthMkYr_4core3ops5arith9AddAssignRBL_E10add_assignB9_
FNDA:109,_RNvXs3_NtCsiV83YB4ES8C_6ginger7vector2INtB5_7Vector2dENtNtNtCs4TwWhthMkYr_4core3ops5arith3Sub3subB7_
FNDA:518,_RNvXs3_NtCsiV83YB4ES8C_6ginger7vector2INtB5_7Vector2lENtNtNtCs4TwWhthMkYr_4core3ops5arith3Sub3subB7_
FNDA:1,_RNvXs3_NtNtCsiV83YB4ES8C_6ginger7vector28opassignINtB7_7Vector2lEINtNtNtCs4TwWhthMkYr_4core3ops5arith9SubAssignRBL_E10sub_assignB9_
FNDA:1,_RNvXs4_NtCsiV83YB4ES8C_6ginger7vector2INtB5_7Vector2dENtNtNtCs4TwWhthMkYr_4core3ops5arith3Neg3negB7_
FNDA:774,_RNvXs4_NtCsiV83YB4ES8C_6ginger7vector2INtB5_7Vector2lENtNtNtCs4TwWhthMkYr_4core3ops5arith3Neg3negB7_
FNDA:1,_RNvXs4_NtNtCsiV83YB4ES8C_6ginger7vector28opassignINtB7_7Vector2lEINtNtNtCs4TwWhthMkYr_4core3ops5arith9MulAssignRlE10mul_assignB9_
FNDA:1,_RNvXs5_NtCsiV83YB4ES8C_6ginger7vector2RINtB5_7Vector2lENtNtNtCs4TwWhthMkYr_4core3ops5arith3Neg3negB7_
FNDA:1,_RNvXs5_NtNtCsiV83YB4ES8C_6ginger7vector28opassignINtB7_7Vector2lEINtNtNtCs4TwWhthMkYr_4core3ops5arith9DivAssignRlE10div_assignB9_
FNDA:17,_RNvXs6_NtCsiV83YB4ES8C_6ginger7vector2INtB5_7Vector2dEINtNtNtCs4TwWhthMkYr_4core3ops5arith3MuldE3mulB7_
FNDA:270,_RNvXs6_NtCsiV83YB4ES8C_6ginger7vector2INtB5_7Vector2lEINtNtNtCs4TwWhthMkYr_4core3ops5arith3MullE3mulB7_
FNDA:65,_RNvXs7_NtCsiV83YB4ES8C_6ginger7vector2INtB5_7Vector2dEINtNtNtCs4TwWhthMkYr_4core3ops5arith3DivdE3divB7_
FNDA:5,_RNvXs7_NtCsiV83YB4ES8C_6ginger7vector2INtB5_7Vector2lEINtNtNtCs4TwWhthMkYr_4core3ops5arith3DivlE3divB7_
FNDA:4,_RNvXs8_NtCsiV83YB4ES8C_6ginger7vector2INtB5_7Vector2lEINtNtNtCs4TwWhthMkYr_4core3ops5arith3RemlE3remB7_
FNDA:3,_RNvXs9_NtCsiV83YB4ES8C_6ginger7vector2INtB5_7Vector2dENtNtCs8en5C4xUivq_10num_traits10identities4Zero4zeroB7_
FNDA:5,_RNvXs9_NtCsiV83YB4ES8C_6ginger7vector2INtB5_7Vector2lENtNtCs8en5C4xUivq_10num_traits10identities4Zero4zeroB7_
FNDA:8,_RNvXs9_NtCsiV83YB4ES8C_6ginger7vector2INtB5_7Vector2lENtNtCs8en5C4xUivq_10num_traits10identities4Zero7is_zeroB7_
FNDA:3,_RNvXs9_NtCsiV83YB4ES8C_6ginger7vector2INtB5_7Vector2lENtNtCs8en5C4xUivq_10num_traits10identities4Zero8set_zeroB7_
FNDA:1,_RNvXsC_NtCsiV83YB4ES8C_6ginger7vector2INtB5_7Vector2lEINtNtNtCs4TwWhthMkYr_4core3ops5arith3MulRlE3mulB7_
FNDA:2,_RNvXsD_NtCsiV83YB4ES8C_6ginger7vector2RINtB5_7Vector2lEINtNtNtCs4TwWhthMkYr_4core3ops5arith3MullE3mulB7_
FNDA:36,_RNvXs_NtNtCsiV83YB4ES8C_6ginger7vector28opassignINtB6_7Vector2dENtNtNtCs4TwWhthMkYr_4core3ops5arith9SubAssign10sub_assignB8_
FNDA:6,_RNvXs_NtNtCsiV83YB4ES8C_6ginger7vector28opassignINtB6_7Vector2lENtNtNtCs4TwWhthMkYr_4core3ops5arith9SubAssign10sub_assignB8_
FNDA:1,_RNvXsj_NtCsiV83YB4ES8C_6ginger7vector2RINtB5_7Vector2lEINtNtNtCs4TwWhthMkYr_4core3ops5arith3AddBB_E3addB7_
FNDA:1,_RNvXsk_NtCsiV83YB4ES8C_6ginger7vector2INtB5_7Vector2lEINtNtNtCs4TwWhthMkYr_4core3ops5arith3AddRBA_E3addB7_
FNDA:107,_RNvXsl_NtCsiV83YB4ES8C_6ginger7vector2RINtB5_7Vector2dENtNtNtCs4TwWhthMkYr_4core3ops5arith3Sub3subB7_
FNDA:1,_RNvXsm_NtCsiV83YB4ES8C_6ginger7vector2RINtB5_7Vector2dEINtNtNtCs4TwWhthMkYr_4core3ops5arith3SubBB_E3subB7_
FNDA:1,_RNvNtNtCsiV83YB4ES8C_6ginger7vector24tests_10test_cross
FNDA:1,_RNvNtNtCsiV83YB4ES8C_6ginger7vector24tests_10test_debug
FNDA:1,_RNvNtNtCsiV83YB4ES8C_6ginger7vector24tests_10test_scale
FNDA:1,_RNvNtNtCsiV83YB4ES8C_6ginger7vector24tests_11test_consts
FNDA:1,_RNvNtNtCsiV83YB4ES8C_6ginger7vector24tests_12test_l1_norm
FNDA:1,_RNvNtNtCsiV83YB4ES8C_6ginger7vector24tests_12test_unscale
FNDA:1,_RNvNtNtCsiV83YB4ES8C_6ginger7vector24tests_13test_norm_inf
FNDA:1,_RNvNtNtCsiV83YB4ES8C_6ginger7vector24tests_13test_norm_sqr
FNDA:1,_RNvNtNtCsiV83YB4ES8C_6ginger7vector24tests_15test_add_assign
FNDA:1,_RNvNtNtCsiV83YB4ES8C_6ginger7vector24tests_15test_div_assign
FNDA:1,_RNvNtNtCsiV83YB4ES8C_6ginger7vector24tests_15test_mul_assign
FNDA:1,_RNvNtNtCsiV83YB4ES8C_6ginger7vector24tests_15test_scalar_div
FNDA:1,_RNvNtNtCsiV83YB4ES8C_6ginger7vector24tests_15test_scalar_mul
FNDA:1,_RNvNtNtCsiV83YB4ES8C_6ginger7vector24tests_15test_scalar_rem
FNDA:1,_RNvNtNtCsiV83YB4ES8C_6ginger7vector24tests_15test_sub_assign
FNDA:1,_RNvNtNtCsiV83YB4ES8C_6ginger7vector24tests_17test_clone_and_eq
FNDA:1,_RNvNtNtCsiV83YB4ES8C_6ginger7vector24tests_18test_scale_unscale
FNDA:1,_RNvNtNtCsiV83YB4ES8C_6ginger7vector24tests_20test_scalar_left_mul
FNDA:1,_RNvNtNtCsiV83YB4ES8C_6ginger7vector24tests_21test_float_operations
FNDA:1,_RNvNtNtCsiV83YB4ES8C_6ginger7vector24tests_25test_forward_val_xf_binop
FNDA:1,_RNvNtNtCsiV83YB4ES8C_6ginger7vector24tests_25test_forward_xf_val_binop
FNDA:1,_RNvNtNtCsiV83YB4ES8C_6ginger7vector24tests_30test_scalar_arithmetic_forward
FNDA:1,_RNvNtNtCsiV83YB4ES8C_6ginger7vector24tests_8test_add
FNDA:1,_RNvNtNtCsiV83YB4ES8C_6ginger7vector24tests_8test_dot
FNDA:1,_RNvNtNtCsiV83YB4ES8C_6ginger7vector24tests_8test_neg
FNDA:1,_RNvNtNtCsiV83YB4ES8C_6ginger7vector24tests_8test_new
FNDA:1,_RNvNtNtCsiV83YB4ES8C_6ginger7vector24tests_8test_sub
FNDA:1,_RNvNtNtCsiV83YB4ES8C_6ginger7vector24tests_9test_zero
FNDA:5,_RNvNvNtNtCsiV83YB4ES8C_6ginger7vector24tests_11test_consts4test
FNDA:0,_RNvXININtCsiV83YB4ES8C_6ginger7vector2sE_0pERINtB5_7Vector2pEINtNtNtCs4TwWhthMkYr_4core3ops5arith3MulRpE3mulB7_
FNDA:0,_RNvXININtCsiV83YB4ES8C_6ginger7vector2si_0pERINtB5_7Vector2pENtNtNtCs4TwWhthMkYr_4core3ops5arith3Add3addB7_
FNDA:0,_RNvXININtCsiV83YB4ES8C_6ginger7vector2sn_0pEINtB5_7Vector2pEINtNtNtCs4TwWhthMkYr_4core3ops5arith3SubRBG_E3subB7_
FNDA:0,_RNvXs10_NtCsiV83YB4ES8C_6ginger7vector2aINtNtNtCs4TwWhthMkYr_4core3ops5arith3MulRINtB6_7Vector2aEE3mulB8_
FNDA:0,_RNvXs11_NtCsiV83YB4ES8C_6ginger7vector2RaINtNtNtCs4TwWhthMkYr_4core3ops5arith3MulINtB6_7Vector2aEE3mulB8_
FNDA:0,_RNvXs12_NtCsiV83YB4ES8C_6ginger7vector2RaINtNtNtCs4TwWhthMkYr_4core3ops5arith3MulRINtB6_7Vector2aEE3mulB8_
FNDA:0,_RNvXs13_NtCsiV83YB4ES8C_6ginger7vector2sINtNtNtCs4TwWhthMkYr_4core3ops5arith3MulRINtB6_7Vector2sEE3mulB8_
FNDA:0,_RNvXs14_NtCsiV83YB4ES8C_6ginger7vector2RsINtNtNtCs4TwWhthMkYr_4core3ops5arith3MulINtB6_7Vector2sEE3mulB8_
FNDA:0,_RNvXs15_NtCsiV83YB4ES8C_6ginger7vector2RsINtNtNtCs4TwWhthMkYr_4core3ops5arith3MulRINtB6_7Vector2sEE3mulB8_
FNDA:0,_RNvXs17_NtCsiV83YB4ES8C_6ginger7vector2RlINtNtNtCs4TwWhthMkYr_4core3ops5arith3MulINtB6_7Vector2lEE3mulB8_
FNDA:0,_RNvXs18_NtCsiV83YB4ES8C_6ginger7vector2RlINtNtNtCs4TwWhthMkYr_4core3ops5arith3MulRINtB6_7Vector2lEE3mulB8_
FNDA:0,_RNvXs19_NtCsiV83YB4ES8C_6ginger7vector2xINtNtNtCs4TwWhthMkYr_4core3ops5arith3MulRINtB6_7Vector2xEE3mulB8_
FNDA:0,_RNvXs1a_NtCsiV83YB4ES8C_6ginger7vector2RxINtNtNtCs4TwWhthMkYr_4core3ops5arith3MulINtB6_7Vector2xEE3mulB8_
FNDA:0,_RNvXs1b_NtCsiV83YB4ES8C_6ginger7vector2RxINtNtNtCs4TwWhthMkYr_4core3ops5arith3MulRINtB6_7Vector2xEE3mulB8_
FNDA:0,_RNvXs1c_NtCsiV83YB4ES8C_6ginger7vector2nINtNtNtCs4TwWhthMkYr_4core3ops5arith3MulRINtB6_7Vector2nEE3mulB8_
FNDA:0,_RNvXs1d_NtCsiV83YB4ES8C_6ginger7vector2RnINtNtNtCs4TwWhthMkYr_4core3ops5arith3MulINtB6_7Vector2nEE3mulB8_
FNDA:0,_RNvXs1e_NtCsiV83YB4ES8C_6ginger7vector2RnINtNtNtCs4TwWhthMkYr_4core3ops5arith3MulRINtB6_7Vector2nEE3mulB8_
FNDA:0,_RNvXs1f_NtCsiV83YB4ES8C_6ginger7vector2fINtNtNtCs4TwWhthMkYr_4core3ops5arith3MulRINtB6_7Vector2fEE3mulB8_
FNDA:0,_RNvXs1g_NtCsiV83YB4ES8C_6ginger7vector2RfINtNtNtCs4TwWhthMkYr_4core3ops5arith3MulINtB6_7Vector2fEE3mulB8_
FNDA:0,_RNvXs1h_NtCsiV83YB4ES8C_6ginger7vector2RfINtNtNtCs4TwWhthMkYr_4core3ops5arith3MulRINtB6_7Vector2fEE3mulB8_
FNDA:0,_RNvXs1i_NtCsiV83YB4ES8C_6ginger7vector2dINtNtNtCs4TwWhthMkYr_4core3ops5arith3MulRINtB6_7Vector2dEE3mulB8_
FNDA:0,_RNvXs1j_NtCsiV83YB4ES8C_6ginger7vector2RdINtNtNtCs4TwWhthMkYr_4core3ops5arith3MulINtB6_7Vector2dEE3mulB8_
FNDA:0,_RNvXs1k_NtCsiV83YB4ES8C_6ginger7vector2RdINtNtNtCs4TwWhthMkYr_4core3ops5arith3MulRINtB6_7Vector2dEE3mulB8_
FNDA:0,_RNvXsA_NtCsiV83YB4ES8C_6ginger7vector2fINtNtNtCs4TwWhthMkYr_4core3ops5arith3MulINtB5_7Vector2fEE3mulB7_
FNDA:0,_RNvXsF_NtCsiV83YB4ES8C_6ginger7vector2jINtNtNtCs4TwWhthMkYr_4core3ops5arith3MulRINtB5_7Vector2jEE3mulB7_
FNDA:0,_RNvXsG_NtCsiV83YB4ES8C_6ginger7vector2RjINtNtNtCs4TwWhthMkYr_4core3ops5arith3MulINtB5_7Vector2jEE3mulB7_
FNDA:0,_RNvXsH_NtCsiV83YB4ES8C_6ginger7vector2RjINtNtNtCs4TwWhthMkYr_4core3ops5arith3MulRINtB5_7Vector2jEE3mulB7_
FNDA:0,_RNvXsI_NtCsiV83YB4ES8C_6ginger7vector2hINtNtNtCs4TwWhthMkYr_4core3ops5arith3MulRINtB5_7Vector2hEE3mulB7_
FNDA:0,_RNvXsJ_NtCsiV83YB4ES8C_6ginger7vector2RhINtNtNtCs4TwWhthMkYr_4core3ops5arith3MulINtB5_7Vector2hEE3mulB7_
FNDA:0,_RNvXsK_NtCsiV83YB4ES8C_6ginger7vector2RhINtNtNtCs4TwWhthMkYr_4core3ops5arith3MulRINtB5_7Vector2hEE3mulB7_
FNDA:0,_RNvXsL_NtCsiV83YB4ES8C_6ginger7vector2tINtNtNtCs4TwWhthMkYr_4core3ops5arith3MulRINtB5_7Vector2tEE3mulB7_
FNDA:0,_RNvXsM_NtCsiV83YB4ES8C_6ginger7vector2RtINtNtNtCs4TwWhthMkYr_4core3ops5arith3MulINtB5_7Vector2tEE3mulB7_
FNDA:0,_RNvXsN_NtCsiV83YB4ES8C_6ginger7vector2RtINtNtNtCs4TwWhthMkYr_4core3ops5arith3MulRINtB5_7Vector2tEE3mulB7_
FNDA:0,_RNvXsO_NtCsiV83YB4ES8C_6ginger7vector2mINtNtNtCs4TwWhthMkYr_4core3ops5arith3MulRINtB5_7Vector2mEE3mulB7_
FNDA:0,_RNvXsP_NtCsiV83YB4ES8C_6ginger7vector2RmINtNtNtCs4TwWhthMkYr_4core3ops5arith3MulINtB5_7Vector2mEE3mulB7_
FNDA:0,_RNvXsQ_NtCsiV83YB4ES8C_6ginger7vector2RmINtNtNtCs4TwWhthMkYr_4core3ops5arith3MulRINtB5_7Vector2mEE3mulB7_
FNDA:0,_RNvXsR_NtCsiV83YB4ES8C_6ginger7vector2yINtNtNtCs4TwWhthMkYr_4core3ops5arith3MulRINtB5_7Vector2yEE3mulB7_
FNDA:0,_RNvXsS_NtCsiV83YB4ES8C_6ginger7vector2RyINtNtNtCs4TwWhthMkYr_4core3ops5arith3MulINtB5_7Vector2yEE3mulB7_
FNDA:0,_RNvXsT_NtCsiV83YB4ES8C_6ginger7vector2RyINtNtNtCs4TwWhthMkYr_4core3ops5arith3MulRINtB5_7Vector2yEE3mulB7_
FNDA:0,_RNvXsU_NtCsiV83YB4ES8C_6ginger7vector2oINtNtNtCs4TwWhthMkYr_4core3ops5arith3MulRINtB5_7Vector2oEE3mulB7_
FNDA:0,_RNvXsV_NtCsiV83YB4ES8C_6ginger7vector2RoINtNtNtCs4TwWhthMkYr_4core3ops5arith3MulINtB5_7Vector2oEE3mulB7_
FNDA:0,_RNvXsW_NtCsiV83YB4ES8C_6ginger7vector2RoINtNtNtCs4TwWhthMkYr_4core3ops5arith3MulRINtB5_7Vector2oEE3mulB7_
FNDA:0,_RNvXsX_NtCsiV83YB4ES8C_6ginger7vector2iINtNtNtCs4TwWhthMkYr_4core3ops5arith3MulRINtB5_7Vector2iEE3mulB7_
FNDA:0,_RNvXsY_NtCsiV83YB4ES8C_6ginger7vector2RiINtNtNtCs4TwWhthMkYr_4core3ops5arith3MulINtB5_7Vector2iEE3mulB7_
FNDA:0,_RNvXsZ_NtCsiV83YB4ES8C_6ginger7vector2RiINtNtNtCs4TwWhthMkYr_4core3ops5arith3MulRINtB5_7Vector2iEE3mulB7_
FNDA:0,_RNvXso_NtCsiV83YB4ES8C_6ginger7vector2jINtNtNtCs4TwWhthMkYr_4core3ops5arith3MulINtB5_7Vector2jEE3mulB7_
FNDA:0,_RNvXsp_NtCsiV83YB4ES8C_6ginger7vector2hINtNtNtCs4TwWhthMkYr_4core3ops5arith3MulINtB5_7Vector2hEE3mulB7_
FNDA:0,_RNvXsq_NtCsiV83YB4ES8C_6ginger7vector2tINtNtNtCs4TwWhthMkYr_4core3ops5arith3MulINtB5_7Vector2tEE3mulB7_
FNDA:0,_RNvXsr_NtCsiV83YB4ES8C_6ginger7vector2mINtNtNtCs4TwWhthMkYr_4core3ops5arith3MulINtB5_7Vector2mEE3mulB7_
FNDA:0,_RNvXss_NtCsiV83YB4ES8C_6ginger7vector2yINtNtNtCs4TwWhthMkYr_4core3ops5arith3MulINtB5_7Vector2yEE3mulB7_
FNDA:0,_RNvXst_NtCsiV83YB4ES8C_6ginger7vector2oINtNtNtCs4TwWhthMkYr_4core3ops5arith3MulINtB5_7Vector2oEE3mulB7_
FNDA:0,_RNvXsu_NtCsiV83YB4ES8C_6ginger7vector2iINtNtNtCs4TwWhthMkYr_4core3ops5arith3MulINtB5_7Vector2iEE3mulB7_
FNDA:0,_RNvXsv_NtCsiV83YB4ES8C_6ginger7vector2aINtNtNtCs4TwWhthMkYr_4core3ops5arith3MulINtB5_7Vector2aEE3mulB7_
FNDA:0,_RNvXsw_NtCsiV83YB4ES8C_6ginger7vector2sINtNtNtCs4TwWhthMkYr_4core3ops5arith3MulINtB5_7Vector2sEE3mulB7_
FNDA:0,_RNvXsy_NtCsiV83YB4ES8C_6ginger7vector2xINtNtNtCs4TwWhthMkYr_4core3ops5arith3MulINtB5_7Vector2xEE3mulB7_
FNDA:0,_RNvXsz_NtCsiV83YB4ES8C_6ginger7vector2nINtNtNtCs4TwWhthMkYr_4core3ops5arith3MulINtB5_7Vector2nEE3mulB7_
FNF:63
FNH:60
DA:53,5904
DA:54,5904
DA:55,5904
DA:81,603
DA:82,603
DA:83,603
DA:107,45
DA:108,45
DA:109,45
DA:128,2
DA:129,2
DA:130,2
DA:153,266
DA:154,266
DA:155,266
DA:177,265
DA:178,265
DA:179,265
DA:201,2
DA:202,2
DA:203,2
DA:223,56
DA:224,56
DA:225,36
DA:227,20
DA:229,56
DA:238,107
DA:239,107
DA:240,107
DA:251,2
DA:252,2
DA:253,2
DA:264,1
DA:265,1
DA:266,1
DA:287,528
DA:288,528
DA:289,528
DA:299,627
DA:300,627
DA:301,627
DA:314,7
DA:315,7
DA:316,7
DA:317,7
DA:321,42
DA:322,42
DA:323,42
DA:324,42
DA:328,7
DA:329,7
DA:330,7
DA:331,7
DA:335,7
DA:336,7
DA:337,7
DA:338,7
DA:345,2
DA:346,2
DA:347,2
DA:356,2
DA:357,2
DA:358,2
DA:373,775
DA:374,775
DA:375,775
DA:382,1
DA:383,1
DA:384,1
DA:393,1
DA:394,1
DA:395,1
DA:401,2
DA:402,2
DA:403,2
DA:409,0
DA:410,0
DA:411,0
DA:418,3
DA:419,3
DA:420,3
DA:426,0
DA:427,0
DA:428,0
DA:434,0
DA:435,0
DA:436,0
DA:450,18
DA:451,18
DA:452,18
DA:463,287
DA:464,287
DA:465,287
DA:472,70
DA:473,70
DA:474,70
DA:481,4
DA:482,4
DA:483,4
DA:491,8
DA:492,8
DA:493,8
DA:496,8
DA:497,8
DA:498,8
DA:501,3
DA:502,3
DA:503,3
DA:504,3
DA:535,1
DA:537,5
DA:538,5
DA:539,5
DA:540,1
DA:541,1
DA:542,1
DA:543,1
DA:544,1
DA:545,1
DA:546,1
DA:549,1
DA:550,1
DA:551,1
DA:552,5
DA:553,5
DA:555,1
DA:568,1
DA:569,1
DA:570,1
DA:571,1
DA:572,1
DA:575,1
DA:576,1
DA:577,1
DA:578,1
DA:579,1
DA:580,1
DA:583,1
DA:584,1
DA:585,1
DA:586,1
DA:587,1
DA:588,1
DA:591,1
DA:592,1
DA:593,1
DA:594,1
DA:597,1
DA:598,1
DA:599,1
DA:600,1
DA:601,1
DA:604,1
DA:605,1
DA:606,1
DA:607,1
DA:610,1
DA:611,1
DA:612,1
DA:613,1
DA:616,1
DA:617,1
DA:618,1
DA:620,1
DA:621,1
DA:622,1
DA:625,1
DA:626,1
DA:627,1
DA:628,1
DA:630,1
DA:631,1
DA:633,1
DA:634,1
DA:635,1
DA:638,1
DA:639,1
DA:640,1
DA:641,1
DA:643,1
DA:644,1
DA:645,1
DA:648,1
DA:649,1
DA:650,1
DA:651,1
DA:652,1
DA:655,1
DA:656,1
DA:657,1
DA:658,1
DA:659,1
DA:660,1
DA:661,1
DA:664,1
DA:665,1
DA:666,1
DA:667,1
DA:670,1
DA:671,1
DA:672,1
DA:673,1
DA:676,1
DA:677,1
DA:678,1
DA:679,1
DA:681,1
DA:682,1
DA:683,1
DA:684,1
DA:685,1
DA:688,1
DA:689,1
DA:690,1
DA:691,1
DA:692,1
DA:694,1
DA:695,1
DA:696,1
DA:697,1
DA:700,1
DA:701,1
DA:702,1
DA:703,1
DA:704,1
DA:706,1
DA:707,1
DA:708,1
DA:709,1
DA:712,1
DA:713,1
DA:714,1
DA:715,1
DA:717,1
DA:718,1
DA:719,1
DA:720,1
DA:721,1
DA:724,1
DA:725,1
DA:726,1
DA:727,1
DA:729,1
DA:730,1
DA:731,1
DA:732,1
DA:733,1
DA:736,1
DA:737,1
DA:738,1
DA:739,1
DA:740,1
DA:741,1
DA:744,1
DA:745,1
DA:746,1
DA:747,1
DA:749,1
DA:750,1
DA:751,1
DA:754,1
DA:755,1
DA:756,1
DA:757,1
DA:760,1
DA:761,1
DA:762,1
DA:763,1
DA:764,1
DA:765,1
DA:768,1
DA:769,1
DA:770,1
DA:771,1
DA:772,1
DA:773,1
DA:776,1
DA:777,1
DA:778,1
DA:779,1
DA:780,1
DA:782,1
DA:783,1
DA:785,1
DA:786,1
DA:787,1
DA:790,1
DA:791,1
DA:792,1
DA:793,1
DA:794,1
BRF:0
BRH:0
LF:291
LH:282
end_of_record
SF:D:\github\rs\ginger-rs\src\vector2_ref.rs
FN:111,_RNvMNtCsiV83YB4ES8C_6ginger11vector2_refNtB2_10Vector2Ref10add_assign
FN:189,_RNvMNtCsiV83YB4ES8C_6ginger11vector2_refNtB2_10Vector2Ref10div_assign
FN:164,_RNvMNtCsiV83YB4ES8C_6ginger11vector2_refNtB2_10Vector2Ref10mul_assign
FN:139,_RNvMNtCsiV83YB4ES8C_6ginger11vector2_refNtB2_10Vector2Ref10sub_assign
FN:58,_RNvMNtCsiV83YB4ES8C_6ginger11vector2_refNtB2_10Vector2Ref3dot
FN:32,_RNvMNtCsiV83YB4ES8C_6ginger11vector2_refNtB2_10Vector2Ref3new
FN:84,_RNvMNtCsiV83YB4ES8C_6ginger11vector2_refNtB2_10Vector2Ref5cross
FN:227,_RNvNtNtCsiV83YB4ES8C_6ginger11vector2_ref5testss_10test_cross
FN:200,_RNvNtNtCsiV83YB4ES8C_6ginger11vector2_ref5testss_12test_vector2
FN:239,_RNvNtNtCsiV83YB4ES8C_6ginger11vector2_ref5testss_15test_add_assign
FN:267,_RNvNtNtCsiV83YB4ES8C_6ginger11vector2_ref5testss_15test_div_assign
FN:253,_RNvNtNtCsiV83YB4ES8C_6ginger11vector2_ref5testss_15test_sub_assign
FN:215,_RNvNtNtCsiV83YB4ES8C_6ginger11vector2_ref5testss_8test_dot
FNDA:1,_RNvMNtCsiV83YB4ES8C_6ginger11vector2_refNtB2_10Vector2Ref10add_assign
FNDA:1,_RNvMNtCsiV83YB4ES8C_6ginger11vector2_refNtB2_10Vector2Ref10div_assign
FNDA:2,_RNvMNtCsiV83YB4ES8C_6ginger11vector2_refNtB2_10Vector2Ref10mul_assign
FNDA:1,_RNvMNtCsiV83YB4ES8C_6ginger11vector2_refNtB2_10Vector2Ref10sub_assign
FNDA:1,_RNvMNtCsiV83YB4ES8C_6ginger11vector2_refNtB2_10Vector2Ref3dot
FNDA:11,_RNvMNtCsiV83YB4ES8C_6ginger11vector2_refNtB2_10Vector2Ref3new
FNDA:1,_RNvMNtCsiV83YB4ES8C_6ginger11vector2_refNtB2_10Vector2Ref5cross
FNDA:1,_RNvNtNtCsiV83YB4ES8C_6ginger11vector2_ref5testss_10test_cross
FNDA:1,_RNvNtNtCsiV83YB4ES8C_6ginger11vector2_ref5testss_12test_vector2
FNDA:1,_RNvNtNtCsiV83YB4ES8C_6ginger11vector2_ref5testss_15test_add_assign
FNDA:1,_RNvNtNtCsiV83YB4ES8C_6ginger11vector2_ref5testss_15test_div_assign
FNDA:1,_RNvNtNtCsiV83YB4ES8C_6ginger11vector2_ref5testss_15test_sub_assign
FNDA:1,_RNvNtNtCsiV83YB4ES8C_6ginger11vector2_ref5testss_8test_dot
FNF:13
FNH:13
DA:32,11
DA:33,11
DA:34,11
DA:58,1
DA:59,1
DA:60,1
DA:84,1
DA:85,1
DA:86,1
DA:111,1
DA:112,1
DA:113,1
DA:114,1
DA:139,1
DA:140,1
DA:141,1
DA:142,1
DA:164,2
DA:165,2
DA:166,2
DA:167,2
DA:189,1
DA:190,1
DA:191,1
DA:192,1
DA:200,1
DA:201,1
DA:202,1
DA:204,1
DA:205,1
DA:206,1
DA:207,1
DA:209,1
DA:210,1
DA:211,1
DA:212,1
DA:215,1
DA:216,1
DA:217,1
DA:218,1
DA:219,1
DA:221,1
DA:222,1
DA:223,1
DA:224,1
DA:227,1
DA:228,1
DA:229,1
DA:230,1
DA:231,1
DA:233,1
DA:234,1
DA:235,1
DA:236,1
DA:239,1
DA:240,1
DA:241,1
DA:242,1
DA:243,1
DA:245,1
DA:246,1
DA:247,1
DA:248,1
DA:249,1
DA:250,1
DA:253,1
DA:254,1
DA:255,1
DA:256,1
DA:257,1
DA:259,1
DA:260,1
DA:261,1
DA:262,1
DA:263,1
DA:264,1
DA:267,1
DA:268,1
DA:269,1
DA:271,1
DA:272,1
DA:273,1
DA:274,1
DA:275,1
BRF:0
BRH:0
LF:84
LH:84
end_of_record